INFO  (2015-08-09) 10:17.58:510 [access] (Unknown-URI) Unknown-Thread/CocoonServlet: Reloading from: file:/usr/local/Cellar/tomcat/8.0.21/libexec/webapps/diamm/WEB-INF/cocoon.xconf
INFO  (2015-08-09) 10:17.58:743 [core.runnable] (Unknown-URI) Unknown-Thread/DefaultRunnableManager: ThreadPool named "default" created with maximum queue-size=2147483647,max-pool-size=5,min-pool-size=5,priority=5,isDaemon=false,keep-alive-time-ms=60000,block-policy="ABORT",shutdown-wait-time-ms=-1
INFO  (2015-08-09) 10:17.58:745 [core.runnable] (Unknown-URI) Unknown-Thread/DefaultRunnableManager: ThreadPool named "daemon" created with no queue,max-pool-size=2147483647,min-pool-size=1,priority=5,isDaemon=true,keep-alive-time-ms=60000,block-policy=ABORT,shutdown-wait-time-ms=-1
INFO  (2015-08-09) 10:17.58:966 [core.store] (Unknown-URI) Unknown-Thread/EHDefaultStore: EHCache cache "cocoon-ehcache-1" initialized
WARN  (2015-08-09) 10:17.58:985 [core.language.java] (Unknown-URI) Unknown-Thread/JavaLanguage: Attempted to retrieve directory listing of non-directory /Users/ahankins/Library/Java/Extensions
WARN  (2015-08-09) 10:17.58:986 [core.language.java] (Unknown-URI) Unknown-Thread/JavaLanguage: Attempted to retrieve directory listing of non-directory /Network/Library/Java/Extensions
WARN  (2015-08-09) 10:17.58:986 [core.language.java] (Unknown-URI) Unknown-Thread/JavaLanguage: Attempted to retrieve directory listing of non-directory /usr/lib/java
ERROR (2015-08-09) 10:18.16:733 [sitemap.handled-errors] (/diamm/) http-nio-8080-exec-1/ErrorHandlerHelper: Failed to process pipeline
	at <map:serialize type="xhtml"> - file:///Users/ahankins/Documents/code/devel/diamm/sitemap/xmod/../../main.xmap:163:39
	at <map:transform> - file:///Users/ahankins/Documents/code/devel/diamm/sitemap/xmod/../../main.xmap:158:57
	at <map:mount> - file:///Users/ahankins/Documents/code/devel/diamm/sitemap/xmod/sitemap.xmap:215:77
	at <map:mount> - file:///Users/ahankins/Documents/code/devel/diamm/config.xmap:33:75
	at <map:mount> - file:///Users/ahankins/Documents/code/devel/diamm/sitemap.xmap:610:59
java.io.IOException: Server returned HTTP response code: 500 for URL: http://localhost:8080/diamm/jsp/userDisplayName.jsp?username=
	at sun.net.www.protocol.http.HttpURLConnection.getInputStream0(HttpURLConnection.java:1838)
	at sun.net.www.protocol.http.HttpURLConnection.getInputStream(HttpURLConnection.java:1439)
	at sun.net.www.protocol.http.HttpURLConnection.getHeaderField(HttpURLConnection.java:2929)
	at java.net.HttpURLConnection.getHeaderFieldDate(HttpURLConnection.java:552)
	at java.net.URLConnection.getLastModified(URLConnection.java:559)
	at org.apache.excalibur.source.impl.URLSource.getInfos(URLSource.java:190)
	at org.apache.excalibur.source.impl.AbstractSource.checkInfos(AbstractSource.java:62)
	at org.apache.excalibur.source.impl.URLSource.getInputStream(URLSource.java:253)
	at org.apache.cocoon.components.source.SourceUtil.getInputSource(SourceUtil.java:522)
	at org.apache.cocoon.components.source.SourceUtil.parse(SourceUtil.java:326)
	at org.apache.cocoon.sitemap.ContentAggregator.generate(ContentAggregator.java:125)
	at org.apache.cocoon.components.pipeline.AbstractProcessingPipeline.processXMLPipeline(AbstractProcessingPipeline.java:579)
	at org.apache.cocoon.components.pipeline.AbstractProcessingPipeline.process(AbstractProcessingPipeline.java:481)
	at org.apache.cocoon.components.treeprocessor.sitemap.SerializeNode.invoke(SerializeNode.java:144)
	at org.apache.cocoon.components.treeprocessor.AbstractParentProcessingNode.invokeNodes(AbstractParentProcessingNode.java:47)
	at org.apache.cocoon.components.treeprocessor.sitemap.MatchNode.invoke(MatchNode.java:108)
	at org.apache.cocoon.components.treeprocessor.AbstractParentProcessingNode.invokeNodes(AbstractParentProcessingNode.java:69)
	at org.apache.cocoon.components.treeprocessor.sitemap.PipelineNode.invoke(PipelineNode.java:143)
	at org.apache.cocoon.components.treeprocessor.AbstractParentProcessingNode.invokeNodes(AbstractParentProcessingNode.java:69)
	at org.apache.cocoon.components.treeprocessor.sitemap.PipelinesNode.invoke(PipelinesNode.java:93)
	at org.apache.cocoon.components.treeprocessor.ConcreteTreeProcessor.process(ConcreteTreeProcessor.java:235)
	at org.apache.cocoon.components.treeprocessor.ConcreteTreeProcessor.process(ConcreteTreeProcessor.java:177)
	at org.apache.cocoon.components.treeprocessor.TreeProcessor.process(TreeProcessor.java:254)
	at org.apache.cocoon.components.treeprocessor.sitemap.MountNode.invoke(MountNode.java:118)
	at org.apache.cocoon.components.treeprocessor.AbstractParentProcessingNode.invokeNodes(AbstractParentProcessingNode.java:47)
	at org.apache.cocoon.components.treeprocessor.sitemap.MatchNode.invoke(MatchNode.java:108)
	at org.apache.cocoon.components.treeprocessor.AbstractParentProcessingNode.invokeNodes(AbstractParentProcessingNode.java:69)
	at org.apache.cocoon.components.treeprocessor.sitemap.PipelineNode.invoke(PipelineNode.java:143)
	at org.apache.cocoon.components.treeprocessor.AbstractParentProcessingNode.invokeNodes(AbstractParentProcessingNode.java:69)
	at org.apache.cocoon.components.treeprocessor.sitemap.PipelinesNode.invoke(PipelinesNode.java:93)
	at org.apache.cocoon.components.treeprocessor.ConcreteTreeProcessor.process(ConcreteTreeProcessor.java:235)
	at org.apache.cocoon.components.treeprocessor.ConcreteTreeProcessor.process(ConcreteTreeProcessor.java:177)
	at org.apache.cocoon.components.treeprocessor.TreeProcessor.process(TreeProcessor.java:254)
	at org.apache.cocoon.components.treeprocessor.sitemap.MountNode.invoke(MountNode.java:118)
	at org.apache.cocoon.components.treeprocessor.AbstractParentProcessingNode.invokeNodes(AbstractParentProcessingNode.java:47)
	at org.apache.cocoon.components.treeprocessor.sitemap.MatchNode.invoke(MatchNode.java:108)
	at org.apache.cocoon.components.treeprocessor.AbstractParentProcessingNode.invokeNodes(AbstractParentProcessingNode.java:69)
	at org.apache.cocoon.components.treeprocessor.sitemap.PipelineNode.invoke(PipelineNode.java:143)
	at org.apache.cocoon.components.treeprocessor.AbstractParentProcessingNode.invokeNodes(AbstractParentProcessingNode.java:69)
	at org.apache.cocoon.components.treeprocessor.sitemap.PipelinesNode.invoke(PipelinesNode.java:93)
	at org.apache.cocoon.components.treeprocessor.ConcreteTreeProcessor.process(ConcreteTreeProcessor.java:235)
	at org.apache.cocoon.components.treeprocessor.ConcreteTreeProcessor.process(ConcreteTreeProcessor.java:177)
	at org.apache.cocoon.components.treeprocessor.TreeProcessor.process(TreeProcessor.java:254)
	at org.apache.cocoon.components.treeprocessor.sitemap.MountNode.invoke(MountNode.java:118)
	at org.apache.cocoon.components.treeprocessor.AbstractParentProcessingNode.invokeNodes(AbstractParentProcessingNode.java:47)
	at org.apache.cocoon.components.treeprocessor.sitemap.MatchNode.invoke(MatchNode.java:108)
	at org.apache.cocoon.components.treeprocessor.AbstractParentProcessingNode.invokeNodes(AbstractParentProcessingNode.java:69)
	at org.apache.cocoon.components.treeprocessor.sitemap.PipelineNode.invoke(PipelineNode.java:143)
	at org.apache.cocoon.components.treeprocessor.AbstractParentProcessingNode.invokeNodes(AbstractParentProcessingNode.java:69)
	at org.apache.cocoon.components.treeprocessor.sitemap.PipelinesNode.invoke(PipelinesNode.java:93)
	at org.apache.cocoon.components.treeprocessor.ConcreteTreeProcessor.process(ConcreteTreeProcessor.java:235)
	at org.apache.cocoon.components.treeprocessor.ConcreteTreeProcessor.process(ConcreteTreeProcessor.java:177)
	at org.apache.cocoon.components.treeprocessor.TreeProcessor.process(TreeProcessor.java:254)
	at org.apache.cocoon.Cocoon.process(Cocoon.java:699)
	at org.apache.cocoon.servlet.CocoonServlet.service(CocoonServlet.java:1154)
	at javax.servlet.http.HttpServlet.service(HttpServlet.java:729)
	at org.apache.catalina.core.ApplicationFilterChain.internalDoFilter(ApplicationFilterChain.java:291)
	at org.apache.catalina.core.ApplicationFilterChain.doFilter(ApplicationFilterChain.java:206)
	at org.apache.tomcat.websocket.server.WsFilter.doFilter(WsFilter.java:52)
	at org.apache.catalina.core.ApplicationFilterChain.internalDoFilter(ApplicationFilterChain.java:239)
	at org.apache.catalina.core.ApplicationFilterChain.doFilter(ApplicationFilterChain.java:206)
	at org.apache.catalina.core.StandardWrapperValve.invoke(StandardWrapperValve.java:219)
	at org.apache.catalina.core.StandardContextValve.invoke(StandardContextValve.java:106)
	at org.apache.catalina.authenticator.AuthenticatorBase.invoke(AuthenticatorBase.java:502)
	at org.apache.catalina.core.StandardHostValve.invoke(StandardHostValve.java:142)
	at org.apache.catalina.valves.ErrorReportValve.invoke(ErrorReportValve.java:79)
	at org.apache.catalina.valves.AbstractAccessLogValve.invoke(AbstractAccessLogValve.java:610)
	at org.apache.catalina.core.StandardEngineValve.invoke(StandardEngineValve.java:88)
	at org.apache.catalina.connector.CoyoteAdapter.service(CoyoteAdapter.java:518)
	at org.apache.coyote.http11.AbstractHttp11Processor.process(AbstractHttp11Processor.java:1091)
	at org.apache.coyote.AbstractProtocol$AbstractConnectionHandler.process(AbstractProtocol.java:668)
	at org.apache.coyote.http11.Http11NioProtocol$Http11ConnectionHandler.process(Http11NioProtocol.java:223)
	at org.apache.tomcat.util.net.NioEndpoint$SocketProcessor.doRun(NioEndpoint.java:1517)
	at org.apache.tomcat.util.net.NioEndpoint$SocketProcessor.run(NioEndpoint.java:1474)
	at java.util.concurrent.ThreadPoolExecutor.runWorker(ThreadPoolExecutor.java:1142)
	at java.util.concurrent.ThreadPoolExecutor$Worker.run(ThreadPoolExecutor.java:617)
	at org.apache.tomcat.util.threads.TaskThread$WrappingRunnable.run(TaskThread.java:61)
	at java.lang.Thread.run(Thread.java:745)
INFO  (2015-08-09) 10:18.16:752 [sitemap] (/diamm/) http-nio-8080-exec-1/HandleErrorsNode: Processing handle-errors at <map:handle-errors> - file:///Users/ahankins/Documents/code/devel/diamm/sitemap.xmap:629:26
INFO  (2015-08-09) 10:18.16:898 [core.manager] (/diamm/_xmod/menu?filedir=jsp&filename=facetmanager) http-nio-8080-exec-6/CacheImpl: Caching new response for PK_G-<aggregator>-CA(:aggregation<>)P=false:cocoon://_internal/menu/main.xml?pipelinehash=1641935428600709313;_T-saxon-file:///Users/ahankins/Documents/code/devel/diamm/sitemap/xmod/../../stylesheets/local/menu.xsl;filedir=jsp;filename=facetmanager_S-xml-1
INFO  (2015-08-09) 10:18.16:900 [access] (/diamm/_xmod/menu?filedir=jsp&filename=facetmanager) http-nio-8080-exec-6/CocoonServlet: '_xmod/menu' Processed by Apache Cocoon 2.1.11 in 69 milliseconds.
WARN  (2015-08-09) 10:18.17:233 [access] (/diamm/) http-nio-8080-exec-1/CocoonServlet: org.apache.catalina.connector.ClientAbortException: java.io.IOException: Broken pipe
INFO  (2015-08-09) 10:18.17:233 [access] (/diamm/) http-nio-8080-exec-1/CocoonServlet: 'index.html' Processed by Apache Cocoon 2.1.11 in 4.95 seconds.
INFO  (2015-08-09) 10:18.17:743 [access] (/diamm/_xmod/menu?filedir=jsp&filename=facetmanager) http-nio-8080-exec-8/CocoonServlet: '_xmod/menu' Processed by Apache Cocoon 2.1.11 in 4 milliseconds.
INFO  (2015-08-09) 10:18.17:778 [access] (/diamm/) http-nio-8080-exec-2/CocoonServlet: 'index.html' Processed by Apache Cocoon 2.1.11 in 4.572 seconds.
INFO  (2015-08-09) 10:24.44:457 [access] (/diamm/_xmod/menu?filedir=jsp&filename=facetmanager) http-nio-8080-exec-8/CocoonServlet: '_xmod/menu' Processed by Apache Cocoon 2.1.11 in 4 milliseconds.
INFO  (2015-08-09) 10:24.44:534 [access] (/diamm/_xmod/menu?filedir=jsp&filename=facetmanager) http-nio-8080-exec-2/CocoonServlet: '_xmod/menu' Processed by Apache Cocoon 2.1.11 in 2 milliseconds.
INFO  (2015-08-09) 10:24.44:553 [access] (/diamm/) http-nio-8080-exec-1/CocoonServlet: 'index.html' Processed by Apache Cocoon 2.1.11 in 170 milliseconds.
INFO  (2015-08-09) 10:24.45:234 [access] (/diamm/_xmod/menu?filedir=jsp&filename=facetmanager) http-nio-8080-exec-2/CocoonServlet: '_xmod/menu' Processed by Apache Cocoon 2.1.11 in 3 milliseconds.
INFO  (2015-08-09) 10:24.45:262 [access] (/diamm/_xmod/menu?filedir=jsp&filename=facetmanager) http-nio-8080-exec-4/CocoonServlet: '_xmod/menu' Processed by Apache Cocoon 2.1.11 in 3 milliseconds.
INFO  (2015-08-09) 10:24.45:276 [access] (/diamm/) http-nio-8080-exec-10/CocoonServlet: 'index.html' Processed by Apache Cocoon 2.1.11 in 85 milliseconds.
INFO  (2015-08-09) 11:26.46:919 [access] (/diamm/_xmod/menu?filedir=jsp&filename=facetmanager) http-nio-8080-exec-10/CocoonServlet: '_xmod/menu' Processed by Apache Cocoon 2.1.11 in 5 milliseconds.
INFO  (2015-08-09) 11:26.46:996 [access] (/diamm/_xmod/menu?filedir=jsp&filename=facetmanager) http-nio-8080-exec-3/CocoonServlet: '_xmod/menu' Processed by Apache Cocoon 2.1.11 in 3 milliseconds.
INFO  (2015-08-09) 11:26.47:020 [access] (/diamm/) http-nio-8080-exec-8/CocoonServlet: 'index.html' Processed by Apache Cocoon 2.1.11 in 221 milliseconds.
INFO  (2015-08-09) 11:28.24:763 [access] (/diamm/_xmod/menu?filedir=jsp&filename=facetmanager) http-nio-8080-exec-8/CocoonServlet: '_xmod/menu' Processed by Apache Cocoon 2.1.11 in 2 milliseconds.
INFO  (2015-08-09) 11:28.24:792 [access] (/diamm/_xmod/menu?filedir=jsp&filename=facetmanager) http-nio-8080-exec-1/CocoonServlet: '_xmod/menu' Processed by Apache Cocoon 2.1.11 in 3 milliseconds.
INFO  (2015-08-09) 11:28.24:804 [access] (/diamm/) http-nio-8080-exec-7/CocoonServlet: 'index.html' Processed by Apache Cocoon 2.1.11 in 113 milliseconds.
INFO  (2015-08-09) 11:28.46:232 [access] (/diamm/_a/c/a.css) http-nio-8080-exec-6/CocoonServlet: '_a/c/a.css' Processed by Apache Cocoon 2.1.11 in 6 milliseconds.
INFO  (2015-08-09) 11:28.46:234 [access] (/diamm/_a/c/s.css) http-nio-8080-exec-9/CocoonServlet: '_a/c/s.css' Processed by Apache Cocoon 2.1.11 in 6 milliseconds.
INFO  (2015-08-09) 11:28.46:235 [access] (/diamm/_a/s/jquery-1.6.2.min.js) http-nio-8080-exec-2/CocoonServlet: '_a/s/jquery-1.6.2.min.js' Processed by Apache Cocoon 2.1.11 in 6 milliseconds.
INFO  (2015-08-09) 11:28.46:243 [access] (/diamm/_a/s/jquery.ui.autocomplete.html.js) http-nio-8080-exec-3/CocoonServlet: '_a/s/jquery.ui.autocomplete.html.js' Processed by Apache Cocoon 2.1.11 in 6 milliseconds.
ERROR (2015-08-09) 11:28.46:246 [sitemap.handled-errors] (/diamm/_a/c/jquery.cluetip.css) http-nio-8080-exec-10/ErrorHandlerHelper: Error during resolving of the input stream
	at <map:read> - file:///Users/ahankins/Documents/code/devel/diamm/sitemap/xmod/../../main.xmap:23:59
	at <map:mount> - file:///Users/ahankins/Documents/code/devel/diamm/sitemap/xmod/sitemap.xmap:215:77
	at <map:mount> - file:///Users/ahankins/Documents/code/devel/diamm/config.xmap:33:75
	at <map:mount> - file:///Users/ahankins/Documents/code/devel/diamm/sitemap.xmap:610:59
INFO  (2015-08-09) 11:28.46:250 [access] (/diamm/_a/s/jquery-ui-1.8.13.custom.min.js) http-nio-8080-exec-8/CocoonServlet: '_a/s/jquery-ui-1.8.13.custom.min.js' Processed by Apache Cocoon 2.1.11 in 17 milliseconds.
INFO  (2015-08-09) 11:28.46:251 [access] (/diamm/_a/s/jquery.cluetip.js) http-nio-8080-exec-5/CocoonServlet: '_a/s/jquery.cluetip.js' Processed by Apache Cocoon 2.1.11 in 10 milliseconds.
INFO  (2015-08-09) 11:28.46:252 [sitemap] (/diamm/_a/c/jquery.cluetip.css) http-nio-8080-exec-10/HandleErrorsNode: Processing handle-errors at <map:handle-errors> - file:///Users/ahankins/Documents/code/devel/diamm/sitemap.xmap:629:26
INFO  (2015-08-09) 11:28.46:261 [access] (/diamm/_a/s/jquery.hoverIntent.js) http-nio-8080-exec-1/CocoonServlet: '_a/s/jquery.hoverIntent.js' Processed by Apache Cocoon 2.1.11 in 2 milliseconds.
INFO  (2015-08-09) 11:28.46:275 [access] (/diamm/_a/s/jquery.twitter.js) http-nio-8080-exec-6/CocoonServlet: '_a/s/jquery.twitter.js' Processed by Apache Cocoon 2.1.11 in 2 milliseconds.
INFO  (2015-08-09) 11:28.46:276 [access] (/diamm/_a/s/c.js) http-nio-8080-exec-7/CocoonServlet: '_a/s/c.js' Processed by Apache Cocoon 2.1.11 in 4 milliseconds.
INFO  (2015-08-09) 11:28.46:283 [access] (/diamm/_a/c/jquery.cluetip.css) http-nio-8080-exec-10/CocoonServlet: '_a/c/jquery.cluetip.css' Processed by Apache Cocoon 2.1.11 in 48 milliseconds.
INFO  (2015-08-09) 11:28.46:286 [access] (/diamm/_a/s/jquery.tools.min.js) http-nio-8080-exec-4/CocoonServlet: '_a/s/jquery.tools.min.js' Processed by Apache Cocoon 2.1.11 in 5 milliseconds.
INFO  (2015-08-09) 11:28.46:457 [access] (/diamm/_a/i/bs.jpg) http-nio-8080-exec-9/CocoonServlet: '_a/i/bs.jpg' Processed by Apache Cocoon 2.1.11 in 3 milliseconds.
INFO  (2015-08-09) 11:28.46:458 [access] (/diamm/_a/i/_s10.png) http-nio-8080-exec-5/CocoonServlet: '_a/i/_s10.png' Processed by Apache Cocoon 2.1.11 in 2 milliseconds.
INFO  (2015-08-09) 11:28.46:457 [access] (/diamm/_a/i/hs.h4.png) http-nio-8080-exec-3/CocoonServlet: '_a/i/hs.h4.png' Processed by Apache Cocoon 2.1.11 in 3 milliseconds.
INFO  (2015-08-09) 11:28.46:457 [access] (/diamm/_a/i/hs.h3.png) http-nio-8080-exec-2/CocoonServlet: '_a/i/hs.h3.png' Processed by Apache Cocoon 2.1.11 in 2 milliseconds.
INFO  (2015-08-09) 11:28.46:460 [access] (/diamm/_a/i/bs.gx.png) http-nio-8080-exec-8/CocoonServlet: '_a/i/bs.gx.png' Processed by Apache Cocoon 2.1.11 in 6 milliseconds.
INFO  (2015-08-09) 11:28.46:465 [access] (/diamm/_a/i/ns.png) http-nio-8080-exec-1/CocoonServlet: '_a/i/ns.png' Processed by Apache Cocoon 2.1.11 in 6 milliseconds.
INFO  (2015-08-09) 11:28.46:479 [access] (/diamm/_a/i/facet-col-1-bg.gif) http-nio-8080-exec-6/CocoonServlet: '_a/i/facet-col-1-bg.gif' Processed by Apache Cocoon 2.1.11 in 3 milliseconds.
INFO  (2015-08-09) 11:28.46:481 [access] (/diamm/_a/i/u1.png) http-nio-8080-exec-7/CocoonServlet: '_a/i/u1.png' Processed by Apache Cocoon 2.1.11 in 4 milliseconds.
INFO  (2015-08-09) 11:28.46:489 [access] (/diamm/_a/i/help.png) http-nio-8080-exec-10/CocoonServlet: '_a/i/help.png' Processed by Apache Cocoon 2.1.11 in 2 milliseconds.
INFO  (2015-08-09) 11:28.46:490 [access] (/diamm/_a/i/nvh.li.png) http-nio-8080-exec-9/CocoonServlet: '_a/i/nvh.li.png' Processed by Apache Cocoon 2.1.11 in 1 milliseconds.
INFO  (2015-08-09) 11:28.46:495 [access] (/diamm/_a/i/exp-col.png) http-nio-8080-exec-5/CocoonServlet: '_a/i/exp-col.png' Processed by Apache Cocoon 2.1.11 in 2 milliseconds.
INFO  (2015-08-09) 11:28.46:495 [access] (/diamm/_a/i/_a0.png) http-nio-8080-exec-4/CocoonServlet: '_a/i/_a0.png' Processed by Apache Cocoon 2.1.11 in 6 milliseconds.
ERROR (2015-08-09) 11:28.46:504 [sitemap.handled-errors] (/diamm/_a/i/cs.c2.png) http-nio-8080-exec-3/ErrorHandlerHelper: Error during resolving of the input stream
	at <map:read> - file:///Users/ahankins/Documents/code/devel/diamm/sitemap/xmod/../../main.xmap:51:60
	at <map:mount> - file:///Users/ahankins/Documents/code/devel/diamm/sitemap/xmod/sitemap.xmap:215:77
	at <map:mount> - file:///Users/ahankins/Documents/code/devel/diamm/config.xmap:33:75
	at <map:mount> - file:///Users/ahankins/Documents/code/devel/diamm/sitemap.xmap:610:59
INFO  (2015-08-09) 11:28.46:506 [sitemap] (/diamm/_a/i/cs.c2.png) http-nio-8080-exec-3/HandleErrorsNode: Processing handle-errors at <map:handle-errors> - file:///Users/ahankins/Documents/code/devel/diamm/sitemap.xmap:629:26
INFO  (2015-08-09) 11:28.46:518 [access] (/diamm/_a/i/cs.c2.png) http-nio-8080-exec-3/CocoonServlet: '_a/i/cs.c2.png' Processed by Apache Cocoon 2.1.11 in 16 milliseconds.
INFO  (2015-08-09) 11:36.43:755 [access] (/diamm/_xmod/menu?filedir=jsp&filename=facetmanager) http-nio-8080-exec-6/CocoonServlet: '_xmod/menu' Processed by Apache Cocoon 2.1.11 in 2 milliseconds.
INFO  (2015-08-09) 11:36.43:795 [access] (/diamm/_xmod/menu?filedir=jsp&filename=facetmanager) http-nio-8080-exec-10/CocoonServlet: '_xmod/menu' Processed by Apache Cocoon 2.1.11 in 2 milliseconds.
INFO  (2015-08-09) 11:36.43:814 [access] (/diamm/) http-nio-8080-exec-2/CocoonServlet: 'index.html' Processed by Apache Cocoon 2.1.11 in 146 milliseconds.
INFO  (2015-08-09) 11:36.43:866 [access] (/diamm/_a/c/a.css) http-nio-8080-exec-9/CocoonServlet: '_a/c/a.css' Processed by Apache Cocoon 2.1.11 in 1 milliseconds.
INFO  (2015-08-09) 11:36.43:871 [access] (/diamm/_a/c/s.css) http-nio-8080-exec-9/CocoonServlet: '_a/c/s.css' Processed by Apache Cocoon 2.1.11 in 2 milliseconds.
INFO  (2015-08-09) 11:36.43:874 [access] (/diamm/_a/s/jquery.twitter.js) http-nio-8080-exec-3/CocoonServlet: '_a/s/jquery.twitter.js' Processed by Apache Cocoon 2.1.11 in 5 milliseconds.
INFO  (2015-08-09) 11:36.43:875 [access] (/diamm/_a/s/c.js) http-nio-8080-exec-5/CocoonServlet: '_a/s/c.js' Processed by Apache Cocoon 2.1.11 in 8 milliseconds.
INFO  (2015-08-09) 11:36.43:871 [access] (/diamm/_a/s/jquery-1.5.min.js) http-nio-8080-exec-4/CocoonServlet: '_a/s/jquery-1.5.min.js' Processed by Apache Cocoon 2.1.11 in 3 milliseconds.
INFO  (2015-08-09) 11:36.44:036 [access] (/diamm/images/local/full/PubsDow.png) http-nio-8080-exec-10/CocoonServlet: 'images/local/full/PubsDow.png' Processed by Apache Cocoon 2.1.11 in 2 milliseconds.
INFO  (2015-08-09) 11:36.44:037 [access] (/diamm/images/local/full/homepage48.jpg) http-nio-8080-exec-8/CocoonServlet: 'images/local/full/homepage48.jpg' Processed by Apache Cocoon 2.1.11 in 167 milliseconds.
INFO  (2015-08-09) 11:36.44:038 [access] (/diamm/_a/i/oxford.png) http-nio-8080-exec-7/CocoonServlet: '_a/i/oxford.png' Processed by Apache Cocoon 2.1.11 in 2 milliseconds.
INFO  (2015-08-09) 11:36.44:039 [access] (/diamm/_a/i/ba.png) http-nio-8080-exec-10/CocoonServlet: '_a/i/ba.png' Processed by Apache Cocoon 2.1.11 in 2 milliseconds.
INFO  (2015-08-09) 11:36.44:041 [access] (/diamm/_a/i/kcl.png) http-nio-8080-exec-2/CocoonServlet: '_a/i/kcl.png' Processed by Apache Cocoon 2.1.11 in 2 milliseconds.
INFO  (2015-08-09) 11:36.44:073 [access] (/diamm/images/local/full/PubsEton.png) http-nio-8080-exec-1/CocoonServlet: 'images/local/full/PubsEton.png' Processed by Apache Cocoon 2.1.11 in 39 milliseconds.
INFO  (2015-08-09) 11:36.44:082 [access] (/diamm/_a/i/bodleian.png) http-nio-8080-exec-3/CocoonServlet: '_a/i/bodleian.png' Processed by Apache Cocoon 2.1.11 in 2 milliseconds.
INFO  (2015-08-09) 11:36.44:092 [access] (/diamm/_a/i/ahrc.png) http-nio-8080-exec-6/CocoonServlet: '_a/i/ahrc.png' Processed by Apache Cocoon 2.1.11 in 2 milliseconds.
INFO  (2015-08-09) 11:36.44:094 [access] (/diamm/_a/i/awm.png) http-nio-8080-exec-4/CocoonServlet: '_a/i/awm.png' Processed by Apache Cocoon 2.1.11 in 2 milliseconds.
INFO  (2015-08-09) 11:36.44:094 [access] (/diamm/_a/i/tatti.png) http-nio-8080-exec-5/CocoonServlet: '_a/i/tatti.png' Processed by Apache Cocoon 2.1.11 in 1 milliseconds.
INFO  (2015-08-09) 11:36.44:099 [access] (/diamm/_a/i/johnfell.png) http-nio-8080-exec-8/CocoonServlet: '_a/i/johnfell.png' Processed by Apache Cocoon 2.1.11 in 2 milliseconds.
INFO  (2015-08-09) 11:36.44:109 [access] (/diamm/_a/i/bs.jpg) http-nio-8080-exec-9/CocoonServlet: '_a/i/bs.jpg' Processed by Apache Cocoon 2.1.11 in 3 milliseconds.
INFO  (2015-08-09) 11:36.44:114 [access] (/diamm/_a/i/hs.h3.png) http-nio-8080-exec-7/CocoonServlet: '_a/i/hs.h3.png' Processed by Apache Cocoon 2.1.11 in 3 milliseconds.
INFO  (2015-08-09) 11:36.44:115 [access] (/diamm/_a/i/hs.h4.png) http-nio-8080-exec-10/CocoonServlet: '_a/i/hs.h4.png' Processed by Apache Cocoon 2.1.11 in 2 milliseconds.
INFO  (2015-08-09) 11:36.44:119 [access] (/diamm/_a/i/bs.gx.png) http-nio-8080-exec-2/CocoonServlet: '_a/i/bs.gx.png' Processed by Apache Cocoon 2.1.11 in 2 milliseconds.
INFO  (2015-08-09) 11:36.44:121 [access] (/diamm/_a/i/_s10.png) http-nio-8080-exec-1/CocoonServlet: '_a/i/_s10.png' Processed by Apache Cocoon 2.1.11 in 2 milliseconds.
INFO  (2015-08-09) 11:36.44:129 [access] (/diamm/_a/i/ns.png) http-nio-8080-exec-3/CocoonServlet: '_a/i/ns.png' Processed by Apache Cocoon 2.1.11 in 1 milliseconds.
INFO  (2015-08-09) 11:36.44:134 [access] (/diamm/_a/i/t0.cs.png) http-nio-8080-exec-6/CocoonServlet: '_a/i/t0.cs.png' Processed by Apache Cocoon 2.1.11 in 1 milliseconds.
INFO  (2015-08-09) 11:36.44:134 [access] (/diamm/_a/i/t0.ims.p.png) http-nio-8080-exec-4/CocoonServlet: '_a/i/t0.ims.p.png' Processed by Apache Cocoon 2.1.11 in 1 milliseconds.
INFO  (2015-08-09) 11:36.44:135 [access] (/diamm/_a/i/fs.r1.png) http-nio-8080-exec-5/CocoonServlet: '_a/i/fs.r1.png' Processed by Apache Cocoon 2.1.11 in 1 milliseconds.
INFO  (2015-08-09) 11:36.44:140 [access] (/diamm/_a/i/fs.r2.png) http-nio-8080-exec-8/CocoonServlet: '_a/i/fs.r2.png' Processed by Apache Cocoon 2.1.11 in 1 milliseconds.
INFO  (2015-08-09) 11:36.44:144 [access] (/diamm/_a/i/fs.gx.png) http-nio-8080-exec-9/CocoonServlet: '_a/i/fs.gx.png' Processed by Apache Cocoon 2.1.11 in 1 milliseconds.
INFO  (2015-08-09) 11:36.45:244 [access] (/diamm/favicon.ico) http-nio-8080-exec-7/CocoonServlet: 'favicon.ico' Processed by Apache Cocoon 2.1.11 in 2 milliseconds.
INFO  (2015-08-09) 11:36.47:392 [access] (/diamm/_xmod/menu?filedir=jsp&filename=facetmanager) http-nio-8080-exec-3/CocoonServlet: '_xmod/menu' Processed by Apache Cocoon 2.1.11 in 2 milliseconds.
INFO  (2015-08-09) 11:36.47:433 [access] (/diamm/_xmod/menu?filedir=jsp&filename=facetmanager) http-nio-8080-exec-4/CocoonServlet: '_xmod/menu' Processed by Apache Cocoon 2.1.11 in 3 milliseconds.
INFO  (2015-08-09) 11:36.47:445 [access] (/diamm/) http-nio-8080-exec-10/CocoonServlet: 'index.html' Processed by Apache Cocoon 2.1.11 in 102 milliseconds.
INFO  (2015-08-09) 11:36.47:528 [access] (/diamm/images/local/full/homepage34.jpg) http-nio-8080-exec-5/CocoonServlet: 'images/local/full/homepage34.jpg' Processed by Apache Cocoon 2.1.11 in 7 milliseconds.
INFO  (2015-08-09) 11:36.49:634 [access] (/diamm/_xmod/menu?filedir=jsp&filename=facetmanager) http-nio-8080-exec-2/CocoonServlet: '_xmod/menu' Processed by Apache Cocoon 2.1.11 in 3 milliseconds.
INFO  (2015-08-09) 11:36.49:664 [access] (/diamm/_xmod/menu?filedir=jsp&filename=facetmanager) http-nio-8080-exec-1/CocoonServlet: '_xmod/menu' Processed by Apache Cocoon 2.1.11 in 2 milliseconds.
INFO  (2015-08-09) 11:36.49:678 [access] (/diamm/) http-nio-8080-exec-8/CocoonServlet: 'index.html' Processed by Apache Cocoon 2.1.11 in 107 milliseconds.
INFO  (2015-08-09) 11:36.49:736 [access] (/diamm/_a/c/a.css) http-nio-8080-exec-4/CocoonServlet: '_a/c/a.css' Processed by Apache Cocoon 2.1.11 in 1 milliseconds.
INFO  (2015-08-09) 11:36.49:739 [access] (/diamm/_a/s/jquery-1.5.min.js) http-nio-8080-exec-4/CocoonServlet: '_a/s/jquery-1.5.min.js' Processed by Apache Cocoon 2.1.11 in 2 milliseconds.
INFO  (2015-08-09) 11:36.49:740 [access] (/diamm/_a/s/jquery.twitter.js) http-nio-8080-exec-6/CocoonServlet: '_a/s/jquery.twitter.js' Processed by Apache Cocoon 2.1.11 in 2 milliseconds.
INFO  (2015-08-09) 11:36.49:740 [access] (/diamm/_a/s/c.js) http-nio-8080-exec-4/CocoonServlet: '_a/s/c.js' Processed by Apache Cocoon 2.1.11 in 1 milliseconds.
INFO  (2015-08-09) 11:36.49:741 [access] (/diamm/_a/c/s.css) http-nio-8080-exec-5/CocoonServlet: '_a/c/s.css' Processed by Apache Cocoon 2.1.11 in 2 milliseconds.
INFO  (2015-08-09) 11:36.49:745 [access] (/diamm/images/local/full/homepage25.jpg) http-nio-8080-exec-10/CocoonServlet: 'images/local/full/homepage25.jpg' Processed by Apache Cocoon 2.1.11 in 6 milliseconds.
INFO  (2015-08-09) 11:36.49:854 [access] (/diamm/images/local/full/PubsDow.png) http-nio-8080-exec-1/CocoonServlet: 'images/local/full/PubsDow.png' Processed by Apache Cocoon 2.1.11 in 1 milliseconds.
INFO  (2015-08-09) 11:36.49:856 [access] (/diamm/_a/i/oxford.png) http-nio-8080-exec-1/CocoonServlet: '_a/i/oxford.png' Processed by Apache Cocoon 2.1.11 in 1 milliseconds.
INFO  (2015-08-09) 11:36.49:858 [access] (/diamm/images/local/full/PubsEton.png) http-nio-8080-exec-7/CocoonServlet: 'images/local/full/PubsEton.png' Processed by Apache Cocoon 2.1.11 in 5 milliseconds.
INFO  (2015-08-09) 11:36.49:858 [access] (/diamm/_a/i/kcl.png) http-nio-8080-exec-3/CocoonServlet: '_a/i/kcl.png' Processed by Apache Cocoon 2.1.11 in 1 milliseconds.
INFO  (2015-08-09) 11:36.49:858 [access] (/diamm/_a/i/ba.png) http-nio-8080-exec-8/CocoonServlet: '_a/i/ba.png' Processed by Apache Cocoon 2.1.11 in 1 milliseconds.
INFO  (2015-08-09) 11:36.51:476 [access] (/diamm/_a/i/bs.jpg) http-nio-8080-exec-2/CocoonServlet: '_a/i/bs.jpg' Processed by Apache Cocoon 2.1.11 in 2 milliseconds.
INFO  (2015-08-09) 11:36.51:476 [access] (/diamm/_a/i/t0.cs.png) http-nio-8080-exec-6/CocoonServlet: '_a/i/t0.cs.png' Processed by Apache Cocoon 2.1.11 in 2 milliseconds.
INFO  (2015-08-09) 11:36.51:476 [access] (/diamm/_a/i/hs.h3.png) http-nio-8080-exec-5/CocoonServlet: '_a/i/hs.h3.png' Processed by Apache Cocoon 2.1.11 in 1 milliseconds.
INFO  (2015-08-09) 11:36.51:477 [access] (/diamm/_a/i/bs.gx.png) http-nio-8080-exec-4/CocoonServlet: '_a/i/bs.gx.png' Processed by Apache Cocoon 2.1.11 in 2 milliseconds.
INFO  (2015-08-09) 11:36.51:479 [access] (/diamm/_a/i/ns.png) http-nio-8080-exec-10/CocoonServlet: '_a/i/ns.png' Processed by Apache Cocoon 2.1.11 in 1 milliseconds.
INFO  (2015-08-09) 11:36.51:491 [access] (/diamm/_a/i/t0.ims.p.png) http-nio-8080-exec-9/CocoonServlet: '_a/i/t0.ims.p.png' Processed by Apache Cocoon 2.1.11 in 1 milliseconds.
INFO  (2015-08-09) 11:36.51:493 [access] (/diamm/_a/i/hs.h4.png) http-nio-8080-exec-9/CocoonServlet: '_a/i/hs.h4.png' Processed by Apache Cocoon 2.1.11 in 1 milliseconds.
INFO  (2015-08-09) 11:36.51:495 [access] (/diamm/_a/i/_s10.png) http-nio-8080-exec-7/CocoonServlet: '_a/i/_s10.png' Processed by Apache Cocoon 2.1.11 in 1 milliseconds.
INFO  (2015-08-09) 11:36.51:503 [access] (/diamm/_a/i/ahrc.png) http-nio-8080-exec-8/CocoonServlet: '_a/i/ahrc.png' Processed by Apache Cocoon 2.1.11 in 1 milliseconds.
INFO  (2015-08-09) 11:36.51:504 [access] (/diamm/_a/i/bodleian.png) http-nio-8080-exec-3/CocoonServlet: '_a/i/bodleian.png' Processed by Apache Cocoon 2.1.11 in 1 milliseconds.
INFO  (2015-08-09) 11:36.51:527 [access] (/diamm/_a/i/awm.png) http-nio-8080-exec-6/CocoonServlet: '_a/i/awm.png' Processed by Apache Cocoon 2.1.11 in 2 milliseconds.
INFO  (2015-08-09) 11:36.51:527 [access] (/diamm/_a/i/tatti.png) http-nio-8080-exec-2/CocoonServlet: '_a/i/tatti.png' Processed by Apache Cocoon 2.1.11 in 2 milliseconds.
INFO  (2015-08-09) 11:36.51:535 [access] (/diamm/_a/i/fs.r1.png) http-nio-8080-exec-4/CocoonServlet: '_a/i/fs.r1.png' Processed by Apache Cocoon 2.1.11 in 1 milliseconds.
INFO  (2015-08-09) 11:36.51:535 [access] (/diamm/_a/i/johnfell.png) http-nio-8080-exec-5/CocoonServlet: '_a/i/johnfell.png' Processed by Apache Cocoon 2.1.11 in 1 milliseconds.
INFO  (2015-08-09) 11:36.51:546 [access] (/diamm/_a/i/fs.r2.png) http-nio-8080-exec-9/CocoonServlet: '_a/i/fs.r2.png' Processed by Apache Cocoon 2.1.11 in 1 milliseconds.
INFO  (2015-08-09) 11:36.51:546 [access] (/diamm/_a/i/fs.gx.png) http-nio-8080-exec-10/CocoonServlet: '_a/i/fs.gx.png' Processed by Apache Cocoon 2.1.11 in 1 milliseconds.
INFO  (2015-08-09) 11:37.04:721 [access] (/diamm/favicon.ico) http-nio-8080-exec-8/CocoonServlet: 'favicon.ico' Processed by Apache Cocoon 2.1.11 in 2 milliseconds.
ERROR (2015-08-09) 11:37.07:354 [sitemap.handled-errors] (/diamm/_a/c/jquery.cluetip.css) http-nio-8080-exec-2/ErrorHandlerHelper: Error during resolving of the input stream
	at <map:read> - file:///Users/ahankins/Documents/code/devel/diamm/sitemap/xmod/../../main.xmap:23:59
	at <map:mount> - file:///Users/ahankins/Documents/code/devel/diamm/sitemap/xmod/sitemap.xmap:215:77
	at <map:mount> - file:///Users/ahankins/Documents/code/devel/diamm/config.xmap:33:75
	at <map:mount> - file:///Users/ahankins/Documents/code/devel/diamm/sitemap.xmap:610:59
INFO  (2015-08-09) 11:37.07:361 [sitemap] (/diamm/_a/c/jquery.cluetip.css) http-nio-8080-exec-2/HandleErrorsNode: Processing handle-errors at <map:handle-errors> - file:///Users/ahankins/Documents/code/devel/diamm/sitemap.xmap:629:26
INFO  (2015-08-09) 11:37.07:366 [access] (/diamm/_a/s/jquery.ui.autocomplete.html.js) http-nio-8080-exec-6/CocoonServlet: '_a/s/jquery.ui.autocomplete.html.js' Processed by Apache Cocoon 2.1.11 in 3 milliseconds.
INFO  (2015-08-09) 11:37.07:371 [access] (/diamm/_a/s/jquery-1.6.2.min.js) http-nio-8080-exec-4/CocoonServlet: '_a/s/jquery-1.6.2.min.js' Processed by Apache Cocoon 2.1.11 in 7 milliseconds.
INFO  (2015-08-09) 11:37.07:371 [access] (/diamm/_a/s/jquery-ui-1.8.13.custom.min.js) http-nio-8080-exec-6/CocoonServlet: '_a/s/jquery-ui-1.8.13.custom.min.js' Processed by Apache Cocoon 2.1.11 in 4 milliseconds.
INFO  (2015-08-09) 11:37.07:374 [access] (/diamm/_a/s/jquery.cluetip.js) http-nio-8080-exec-4/CocoonServlet: '_a/s/jquery.cluetip.js' Processed by Apache Cocoon 2.1.11 in 2 milliseconds.
INFO  (2015-08-09) 11:37.07:374 [access] (/diamm/_a/s/jquery.hoverIntent.js) http-nio-8080-exec-5/CocoonServlet: '_a/s/jquery.hoverIntent.js' Processed by Apache Cocoon 2.1.11 in 4 milliseconds.
INFO  (2015-08-09) 11:37.07:381 [access] (/diamm/_a/s/jquery.tools.min.js) http-nio-8080-exec-7/CocoonServlet: '_a/s/jquery.tools.min.js' Processed by Apache Cocoon 2.1.11 in 2 milliseconds.
INFO  (2015-08-09) 11:37.07:381 [access] (/diamm/_a/c/jquery.cluetip.css) http-nio-8080-exec-2/CocoonServlet: '_a/c/jquery.cluetip.css' Processed by Apache Cocoon 2.1.11 in 29 milliseconds.
INFO  (2015-08-09) 11:37.07:506 [access] (/diamm/_a/i/facet-col-1-bg.gif) http-nio-8080-exec-1/CocoonServlet: '_a/i/facet-col-1-bg.gif' Processed by Apache Cocoon 2.1.11 in 1 milliseconds.
INFO  (2015-08-09) 11:37.07:508 [access] (/diamm/_a/i/u1.png) http-nio-8080-exec-8/CocoonServlet: '_a/i/u1.png' Processed by Apache Cocoon 2.1.11 in 1 milliseconds.
INFO  (2015-08-09) 11:37.07:510 [access] (/diamm/_a/i/help.png) http-nio-8080-exec-3/CocoonServlet: '_a/i/help.png' Processed by Apache Cocoon 2.1.11 in 2 milliseconds.
INFO  (2015-08-09) 11:37.07:511 [access] (/diamm/_a/i/_a0.png) http-nio-8080-exec-6/CocoonServlet: '_a/i/_a0.png' Processed by Apache Cocoon 2.1.11 in 2 milliseconds.
INFO  (2015-08-09) 11:37.07:512 [access] (/diamm/_a/i/nvh.li.png) http-nio-8080-exec-3/CocoonServlet: '_a/i/nvh.li.png' Processed by Apache Cocoon 2.1.11 in 1 milliseconds.
INFO  (2015-08-09) 11:37.07:517 [access] (/diamm/_a/i/exp-col.png) http-nio-8080-exec-4/CocoonServlet: '_a/i/exp-col.png' Processed by Apache Cocoon 2.1.11 in 3 milliseconds.
ERROR (2015-08-09) 11:37.07:520 [sitemap.handled-errors] (/diamm/_a/i/cs.c2.png) http-nio-8080-exec-5/ErrorHandlerHelper: Error during resolving of the input stream
	at <map:read> - file:///Users/ahankins/Documents/code/devel/diamm/sitemap/xmod/../../main.xmap:51:60
	at <map:mount> - file:///Users/ahankins/Documents/code/devel/diamm/sitemap/xmod/sitemap.xmap:215:77
	at <map:mount> - file:///Users/ahankins/Documents/code/devel/diamm/config.xmap:33:75
	at <map:mount> - file:///Users/ahankins/Documents/code/devel/diamm/sitemap.xmap:610:59
INFO  (2015-08-09) 11:37.07:522 [sitemap] (/diamm/_a/i/cs.c2.png) http-nio-8080-exec-5/HandleErrorsNode: Processing handle-errors at <map:handle-errors> - file:///Users/ahankins/Documents/code/devel/diamm/sitemap.xmap:629:26
INFO  (2015-08-09) 11:37.07:536 [access] (/diamm/_a/i/cs.c2.png) http-nio-8080-exec-5/CocoonServlet: '_a/i/cs.c2.png' Processed by Apache Cocoon 2.1.11 in 18 milliseconds.
ERROR (2015-08-09) 11:37.10:403 [sitemap.handled-errors] (/diamm/advanced-search/) http-nio-8080-exec-10/ErrorHandlerHelper: Resource not found.
	at <map:serialize type="xhtml"> - file:///Users/ahankins/Documents/code/devel/diamm/sitemap/xmod/../../main.xmap:222:39
	at <map:transform> - file:///Users/ahankins/Documents/code/devel/diamm/sitemap/xmod/../../main.xmap:217:60
	at <map:mount> - file:///Users/ahankins/Documents/code/devel/diamm/sitemap/xmod/sitemap.xmap:215:77
	at <map:mount> - file:///Users/ahankins/Documents/code/devel/diamm/config.xmap:33:75
	at <map:mount> - file:///Users/ahankins/Documents/code/devel/diamm/sitemap.xmap:610:59
INFO  (2015-08-09) 11:37.10:407 [sitemap] (/diamm/advanced-search/) http-nio-8080-exec-10/HandleErrorsNode: Processing handle-errors at <map:handle-errors> - file:///Users/ahankins/Documents/code/devel/diamm/sitemap.xmap:629:26
INFO  (2015-08-09) 11:37.10:419 [access] (/diamm/advanced-search/) http-nio-8080-exec-10/CocoonServlet: 'advanced-search/index.html' Processed by Apache Cocoon 2.1.11 in 209 milliseconds.
ERROR (2015-08-09) 11:37.10:500 [sitemap.handled-errors] (/diamm/diamm/styles/main.css) http-nio-8080-exec-7/ErrorHandlerHelper: No pipeline matched request: diamm/styles/main.css
	at <map:mount> - file:///Users/ahankins/Documents/code/devel/diamm/sitemap/xmod/sitemap.xmap:215:77
	at <map:mount> - file:///Users/ahankins/Documents/code/devel/diamm/config.xmap:33:75
	at <map:mount> - file:///Users/ahankins/Documents/code/devel/diamm/sitemap.xmap:610:59
ERROR (2015-08-09) 11:37.10:502 [sitemap.handled-errors] (/diamm/diamm/scripts/main.js) http-nio-8080-exec-2/ErrorHandlerHelper: No pipeline matched request: diamm/scripts/main.js
	at <map:mount> - file:///Users/ahankins/Documents/code/devel/diamm/sitemap/xmod/sitemap.xmap:215:77
	at <map:mount> - file:///Users/ahankins/Documents/code/devel/diamm/config.xmap:33:75
	at <map:mount> - file:///Users/ahankins/Documents/code/devel/diamm/sitemap.xmap:610:59
INFO  (2015-08-09) 11:37.10:503 [sitemap] (/diamm/diamm/styles/main.css) http-nio-8080-exec-7/HandleErrorsNode: Processing handle-errors at <map:handle-errors> - file:///Users/ahankins/Documents/code/devel/diamm/sitemap.xmap:629:26
INFO  (2015-08-09) 11:37.10:505 [sitemap] (/diamm/diamm/scripts/main.js) http-nio-8080-exec-2/HandleErrorsNode: Processing handle-errors at <map:handle-errors> - file:///Users/ahankins/Documents/code/devel/diamm/sitemap.xmap:629:26
INFO  (2015-08-09) 11:37.10:511 [access] (/diamm/diamm/styles/main.css) http-nio-8080-exec-7/CocoonServlet: 'diamm/styles/main.css' Processed by Apache Cocoon 2.1.11 in 11 milliseconds.
INFO  (2015-08-09) 11:37.10:519 [access] (/diamm/diamm/scripts/main.js) http-nio-8080-exec-2/CocoonServlet: 'diamm/scripts/main.js' Processed by Apache Cocoon 2.1.11 in 19 milliseconds.
ERROR (2015-08-09) 11:37.20:929 [sitemap.handled-errors] (/diamm/advanced-search/) http-nio-8080-exec-1/ErrorHandlerHelper: Resource not found.
	at <map:serialize type="xhtml"> - file:///Users/ahankins/Documents/code/devel/diamm/sitemap/xmod/../../main.xmap:222:39
	at <map:transform> - file:///Users/ahankins/Documents/code/devel/diamm/sitemap/xmod/../../main.xmap:217:60
	at <map:mount> - file:///Users/ahankins/Documents/code/devel/diamm/sitemap/xmod/sitemap.xmap:215:77
	at <map:mount> - file:///Users/ahankins/Documents/code/devel/diamm/config.xmap:33:75
	at <map:mount> - file:///Users/ahankins/Documents/code/devel/diamm/sitemap.xmap:610:59
INFO  (2015-08-09) 11:37.20:931 [sitemap] (/diamm/advanced-search/) http-nio-8080-exec-1/HandleErrorsNode: Processing handle-errors at <map:handle-errors> - file:///Users/ahankins/Documents/code/devel/diamm/sitemap.xmap:629:26
INFO  (2015-08-09) 11:37.20:942 [access] (/diamm/advanced-search/) http-nio-8080-exec-1/CocoonServlet: 'advanced-search/index.html' Processed by Apache Cocoon 2.1.11 in 24 milliseconds.
ERROR (2015-08-09) 11:37.21:010 [sitemap.handled-errors] (/diamm/diamm/scripts/main.js) http-nio-8080-exec-6/ErrorHandlerHelper: No pipeline matched request: diamm/scripts/main.js
	at <map:mount> - file:///Users/ahankins/Documents/code/devel/diamm/sitemap/xmod/sitemap.xmap:215:77
	at <map:mount> - file:///Users/ahankins/Documents/code/devel/diamm/config.xmap:33:75
	at <map:mount> - file:///Users/ahankins/Documents/code/devel/diamm/sitemap.xmap:610:59
ERROR (2015-08-09) 11:37.21:010 [sitemap.handled-errors] (/diamm/diamm/styles/main.css) http-nio-8080-exec-8/ErrorHandlerHelper: No pipeline matched request: diamm/styles/main.css
	at <map:mount> - file:///Users/ahankins/Documents/code/devel/diamm/sitemap/xmod/sitemap.xmap:215:77
	at <map:mount> - file:///Users/ahankins/Documents/code/devel/diamm/config.xmap:33:75
	at <map:mount> - file:///Users/ahankins/Documents/code/devel/diamm/sitemap.xmap:610:59
INFO  (2015-08-09) 11:37.21:011 [sitemap] (/diamm/diamm/scripts/main.js) http-nio-8080-exec-6/HandleErrorsNode: Processing handle-errors at <map:handle-errors> - file:///Users/ahankins/Documents/code/devel/diamm/sitemap.xmap:629:26
INFO  (2015-08-09) 11:37.21:017 [sitemap] (/diamm/diamm/styles/main.css) http-nio-8080-exec-8/HandleErrorsNode: Processing handle-errors at <map:handle-errors> - file:///Users/ahankins/Documents/code/devel/diamm/sitemap.xmap:629:26
INFO  (2015-08-09) 11:37.21:028 [access] (/diamm/diamm/scripts/main.js) http-nio-8080-exec-6/CocoonServlet: 'diamm/scripts/main.js' Processed by Apache Cocoon 2.1.11 in 19 milliseconds.
INFO  (2015-08-09) 11:37.21:031 [access] (/diamm/diamm/styles/main.css) http-nio-8080-exec-8/CocoonServlet: 'diamm/styles/main.css' Processed by Apache Cocoon 2.1.11 in 22 milliseconds.
ERROR (2015-08-09) 11:38.42:874 [sitemap.handled-errors] (/diamm/diamm/advanced-search/) http-nio-8080-exec-9/ErrorHandlerHelper: Resource not found.
	at <map:serialize type="xhtml"> - file:///Users/ahankins/Documents/code/devel/diamm/sitemap/xmod/../../main.xmap:222:39
	at <map:transform> - file:///Users/ahankins/Documents/code/devel/diamm/sitemap/xmod/../../main.xmap:217:60
	at <map:mount> - file:///Users/ahankins/Documents/code/devel/diamm/sitemap/xmod/sitemap.xmap:215:77
	at <map:mount> - file:///Users/ahankins/Documents/code/devel/diamm/config.xmap:33:75
	at <map:mount> - file:///Users/ahankins/Documents/code/devel/diamm/sitemap.xmap:610:59
INFO  (2015-08-09) 11:38.42:883 [sitemap] (/diamm/diamm/advanced-search/) http-nio-8080-exec-9/HandleErrorsNode: Processing handle-errors at <map:handle-errors> - file:///Users/ahankins/Documents/code/devel/diamm/sitemap.xmap:629:26
INFO  (2015-08-09) 11:38.42:897 [access] (/diamm/diamm/advanced-search/) http-nio-8080-exec-9/CocoonServlet: 'diamm/advanced-search/index.html' Processed by Apache Cocoon 2.1.11 in 33 milliseconds.
ERROR (2015-08-09) 11:38.42:986 [sitemap.handled-errors] (/diamm/diamm/styles/main.css) http-nio-8080-exec-3/ErrorHandlerHelper: No pipeline matched request: diamm/styles/main.css
	at <map:mount> - file:///Users/ahankins/Documents/code/devel/diamm/sitemap/xmod/sitemap.xmap:215:77
	at <map:mount> - file:///Users/ahankins/Documents/code/devel/diamm/config.xmap:33:75
	at <map:mount> - file:///Users/ahankins/Documents/code/devel/diamm/sitemap.xmap:610:59
ERROR (2015-08-09) 11:38.42:986 [sitemap.handled-errors] (/diamm/diamm/scripts/main.js) http-nio-8080-exec-4/ErrorHandlerHelper: No pipeline matched request: diamm/scripts/main.js
	at <map:mount> - file:///Users/ahankins/Documents/code/devel/diamm/sitemap/xmod/sitemap.xmap:215:77
	at <map:mount> - file:///Users/ahankins/Documents/code/devel/diamm/config.xmap:33:75
	at <map:mount> - file:///Users/ahankins/Documents/code/devel/diamm/sitemap.xmap:610:59
INFO  (2015-08-09) 11:38.42:988 [sitemap] (/diamm/diamm/styles/main.css) http-nio-8080-exec-3/HandleErrorsNode: Processing handle-errors at <map:handle-errors> - file:///Users/ahankins/Documents/code/devel/diamm/sitemap.xmap:629:26
INFO  (2015-08-09) 11:38.42:989 [sitemap] (/diamm/diamm/scripts/main.js) http-nio-8080-exec-4/HandleErrorsNode: Processing handle-errors at <map:handle-errors> - file:///Users/ahankins/Documents/code/devel/diamm/sitemap.xmap:629:26
INFO  (2015-08-09) 11:38.42:995 [access] (/diamm/diamm/styles/main.css) http-nio-8080-exec-3/CocoonServlet: 'diamm/styles/main.css' Processed by Apache Cocoon 2.1.11 in 10 milliseconds.
INFO  (2015-08-09) 11:38.42:995 [access] (/diamm/diamm/scripts/main.js) http-nio-8080-exec-4/CocoonServlet: 'diamm/scripts/main.js' Processed by Apache Cocoon 2.1.11 in 9 milliseconds.
ERROR (2015-08-09) 11:38.49:851 [sitemap.handled-errors] (/diamm/advanced-search/) http-nio-8080-exec-5/ErrorHandlerHelper: Resource not found.
	at <map:serialize type="xhtml"> - file:///Users/ahankins/Documents/code/devel/diamm/sitemap/xmod/../../main.xmap:222:39
	at <map:transform> - file:///Users/ahankins/Documents/code/devel/diamm/sitemap/xmod/../../main.xmap:217:60
	at <map:mount> - file:///Users/ahankins/Documents/code/devel/diamm/sitemap/xmod/sitemap.xmap:215:77
	at <map:mount> - file:///Users/ahankins/Documents/code/devel/diamm/config.xmap:33:75
	at <map:mount> - file:///Users/ahankins/Documents/code/devel/diamm/sitemap.xmap:610:59
INFO  (2015-08-09) 11:38.49:852 [sitemap] (/diamm/advanced-search/) http-nio-8080-exec-5/HandleErrorsNode: Processing handle-errors at <map:handle-errors> - file:///Users/ahankins/Documents/code/devel/diamm/sitemap.xmap:629:26
INFO  (2015-08-09) 11:38.49:857 [access] (/diamm/advanced-search/) http-nio-8080-exec-5/CocoonServlet: 'advanced-search/index.html' Processed by Apache Cocoon 2.1.11 in 16 milliseconds.
ERROR (2015-08-09) 11:38.49:929 [sitemap.handled-errors] (/diamm/diamm/scripts/main.js) http-nio-8080-exec-7/ErrorHandlerHelper: No pipeline matched request: diamm/scripts/main.js
	at <map:mount> - file:///Users/ahankins/Documents/code/devel/diamm/sitemap/xmod/sitemap.xmap:215:77
	at <map:mount> - file:///Users/ahankins/Documents/code/devel/diamm/config.xmap:33:75
	at <map:mount> - file:///Users/ahankins/Documents/code/devel/diamm/sitemap.xmap:610:59
ERROR (2015-08-09) 11:38.49:929 [sitemap.handled-errors] (/diamm/diamm/styles/main.css) http-nio-8080-exec-10/ErrorHandlerHelper: No pipeline matched request: diamm/styles/main.css
	at <map:mount> - file:///Users/ahankins/Documents/code/devel/diamm/sitemap/xmod/sitemap.xmap:215:77
	at <map:mount> - file:///Users/ahankins/Documents/code/devel/diamm/config.xmap:33:75
	at <map:mount> - file:///Users/ahankins/Documents/code/devel/diamm/sitemap.xmap:610:59
INFO  (2015-08-09) 11:38.49:931 [sitemap] (/diamm/diamm/scripts/main.js) http-nio-8080-exec-7/HandleErrorsNode: Processing handle-errors at <map:handle-errors> - file:///Users/ahankins/Documents/code/devel/diamm/sitemap.xmap:629:26
INFO  (2015-08-09) 11:38.49:931 [sitemap] (/diamm/diamm/styles/main.css) http-nio-8080-exec-10/HandleErrorsNode: Processing handle-errors at <map:handle-errors> - file:///Users/ahankins/Documents/code/devel/diamm/sitemap.xmap:629:26
INFO  (2015-08-09) 11:38.49:939 [access] (/diamm/diamm/scripts/main.js) http-nio-8080-exec-7/CocoonServlet: 'diamm/scripts/main.js' Processed by Apache Cocoon 2.1.11 in 11 milliseconds.
INFO  (2015-08-09) 11:38.49:940 [access] (/diamm/diamm/styles/main.css) http-nio-8080-exec-10/CocoonServlet: 'diamm/styles/main.css' Processed by Apache Cocoon 2.1.11 in 12 milliseconds.
ERROR (2015-08-09) 11:39.30:637 [sitemap.handled-errors] (/diamm/advanced-search/) http-nio-8080-exec-2/ErrorHandlerHelper: Resource not found.
	at <map:serialize type="xhtml"> - file:///Users/ahankins/Documents/code/devel/diamm/sitemap/xmod/../../main.xmap:222:39
	at <map:transform> - file:///Users/ahankins/Documents/code/devel/diamm/sitemap/xmod/../../main.xmap:217:60
	at <map:mount> - file:///Users/ahankins/Documents/code/devel/diamm/sitemap/xmod/sitemap.xmap:215:77
	at <map:mount> - file:///Users/ahankins/Documents/code/devel/diamm/config.xmap:33:75
	at <map:mount> - file:///Users/ahankins/Documents/code/devel/diamm/sitemap.xmap:610:59
INFO  (2015-08-09) 11:39.30:639 [sitemap] (/diamm/advanced-search/) http-nio-8080-exec-2/HandleErrorsNode: Processing handle-errors at <map:handle-errors> - file:///Users/ahankins/Documents/code/devel/diamm/sitemap.xmap:629:26
INFO  (2015-08-09) 11:39.30:646 [access] (/diamm/advanced-search/) http-nio-8080-exec-2/CocoonServlet: 'advanced-search/index.html' Processed by Apache Cocoon 2.1.11 in 20 milliseconds.
ERROR (2015-08-09) 11:39.30:733 [sitemap.handled-errors] (/diamm/diamm/styles/main.css) http-nio-8080-exec-1/ErrorHandlerHelper: No pipeline matched request: diamm/styles/main.css
	at <map:mount> - file:///Users/ahankins/Documents/code/devel/diamm/sitemap/xmod/sitemap.xmap:215:77
	at <map:mount> - file:///Users/ahankins/Documents/code/devel/diamm/config.xmap:33:75
	at <map:mount> - file:///Users/ahankins/Documents/code/devel/diamm/sitemap.xmap:610:59
ERROR (2015-08-09) 11:39.30:734 [sitemap.handled-errors] (/diamm/diamm/scripts/main.js) http-nio-8080-exec-6/ErrorHandlerHelper: No pipeline matched request: diamm/scripts/main.js
	at <map:mount> - file:///Users/ahankins/Documents/code/devel/diamm/sitemap/xmod/sitemap.xmap:215:77
	at <map:mount> - file:///Users/ahankins/Documents/code/devel/diamm/config.xmap:33:75
	at <map:mount> - file:///Users/ahankins/Documents/code/devel/diamm/sitemap.xmap:610:59
INFO  (2015-08-09) 11:39.30:735 [sitemap] (/diamm/diamm/styles/main.css) http-nio-8080-exec-1/HandleErrorsNode: Processing handle-errors at <map:handle-errors> - file:///Users/ahankins/Documents/code/devel/diamm/sitemap.xmap:629:26
INFO  (2015-08-09) 11:39.30:736 [sitemap] (/diamm/diamm/scripts/main.js) http-nio-8080-exec-6/HandleErrorsNode: Processing handle-errors at <map:handle-errors> - file:///Users/ahankins/Documents/code/devel/diamm/sitemap.xmap:629:26
INFO  (2015-08-09) 11:39.30:742 [access] (/diamm/diamm/scripts/main.js) http-nio-8080-exec-6/CocoonServlet: 'diamm/scripts/main.js' Processed by Apache Cocoon 2.1.11 in 8 milliseconds.
INFO  (2015-08-09) 11:39.30:742 [access] (/diamm/diamm/styles/main.css) http-nio-8080-exec-1/CocoonServlet: 'diamm/styles/main.css' Processed by Apache Cocoon 2.1.11 in 9 milliseconds.
ERROR (2015-08-09) 11:39.33:714 [sitemap.handled-errors] (/diamm/bibliography) http-nio-8080-exec-8/ErrorHandlerHelper: No pipeline matched request: bibliography
	at <map:mount> - file:///Users/ahankins/Documents/code/devel/diamm/sitemap/xmod/sitemap.xmap:215:77
	at <map:mount> - file:///Users/ahankins/Documents/code/devel/diamm/config.xmap:33:75
	at <map:mount> - file:///Users/ahankins/Documents/code/devel/diamm/sitemap.xmap:610:59
INFO  (2015-08-09) 11:39.33:716 [sitemap] (/diamm/bibliography) http-nio-8080-exec-8/HandleErrorsNode: Processing handle-errors at <map:handle-errors> - file:///Users/ahankins/Documents/code/devel/diamm/sitemap.xmap:629:26
INFO  (2015-08-09) 11:39.33:721 [access] (/diamm/bibliography) http-nio-8080-exec-8/CocoonServlet: 'bibliography' Processed by Apache Cocoon 2.1.11 in 8 milliseconds.
ERROR (2015-08-09) 11:39.33:793 [sitemap.handled-errors] (/diamm/diamm/scripts/main.js) http-nio-8080-exec-4/ErrorHandlerHelper: No pipeline matched request: diamm/scripts/main.js
	at <map:mount> - file:///Users/ahankins/Documents/code/devel/diamm/sitemap/xmod/sitemap.xmap:215:77
	at <map:mount> - file:///Users/ahankins/Documents/code/devel/diamm/config.xmap:33:75
	at <map:mount> - file:///Users/ahankins/Documents/code/devel/diamm/sitemap.xmap:610:59
ERROR (2015-08-09) 11:39.33:793 [sitemap.handled-errors] (/diamm/diamm/styles/main.css) http-nio-8080-exec-9/ErrorHandlerHelper: No pipeline matched request: diamm/styles/main.css
	at <map:mount> - file:///Users/ahankins/Documents/code/devel/diamm/sitemap/xmod/sitemap.xmap:215:77
	at <map:mount> - file:///Users/ahankins/Documents/code/devel/diamm/config.xmap:33:75
	at <map:mount> - file:///Users/ahankins/Documents/code/devel/diamm/sitemap.xmap:610:59
INFO  (2015-08-09) 11:39.33:794 [sitemap] (/diamm/diamm/scripts/main.js) http-nio-8080-exec-4/HandleErrorsNode: Processing handle-errors at <map:handle-errors> - file:///Users/ahankins/Documents/code/devel/diamm/sitemap.xmap:629:26
INFO  (2015-08-09) 11:39.33:795 [sitemap] (/diamm/diamm/styles/main.css) http-nio-8080-exec-9/HandleErrorsNode: Processing handle-errors at <map:handle-errors> - file:///Users/ahankins/Documents/code/devel/diamm/sitemap.xmap:629:26
INFO  (2015-08-09) 11:39.33:801 [access] (/diamm/diamm/styles/main.css) http-nio-8080-exec-9/CocoonServlet: 'diamm/styles/main.css' Processed by Apache Cocoon 2.1.11 in 9 milliseconds.
INFO  (2015-08-09) 11:39.33:803 [access] (/diamm/diamm/scripts/main.js) http-nio-8080-exec-4/CocoonServlet: 'diamm/scripts/main.js' Processed by Apache Cocoon 2.1.11 in 11 milliseconds.
INFO  (2015-08-09) 11:39.38:087 [access] (/diamm/publications/) http-nio-8080-exec-3/CocoonServlet: 'publications/index.html' Processed by Apache Cocoon 2.1.11 in 45 milliseconds.
INFO  (2015-08-09) 11:39.38:165 [access] (/diamm/_a/i/_a01.png) http-nio-8080-exec-7/CocoonServlet: '_a/i/_a01.png' Processed by Apache Cocoon 2.1.11 in 1 milliseconds.
INFO  (2015-08-09) 11:39.39:867 [access] (/diamm/resources/index.html) http-nio-8080-exec-10/CocoonServlet: 'resources/index.html' Processed by Apache Cocoon 2.1.11 in 28 milliseconds.
INFO  (2015-08-09) 11:39.41:127 [access] (/diamm/services/index.html) http-nio-8080-exec-6/CocoonServlet: 'services/index.html' Processed by Apache Cocoon 2.1.11 in 23 milliseconds.
INFO  (2015-08-09) 11:39.42:442 [access] (/diamm/help/index.html) http-nio-8080-exec-8/CocoonServlet: 'help/index.html' Processed by Apache Cocoon 2.1.11 in 29 milliseconds.
ERROR (2015-08-09) 11:39.42:522 [sitemap.handled-errors] (/diamm/images/local/full/Help04) http-nio-8080-exec-3/ErrorHandlerHelper: No pipeline matched request: images/local/full/Help04
	at <map:mount> - file:///Users/ahankins/Documents/code/devel/diamm/sitemap/xmod/sitemap.xmap:215:77
	at <map:mount> - file:///Users/ahankins/Documents/code/devel/diamm/config.xmap:33:75
	at <map:mount> - file:///Users/ahankins/Documents/code/devel/diamm/sitemap.xmap:610:59
ERROR (2015-08-09) 11:39.42:523 [sitemap.handled-errors] (/diamm/images/local/full/Help01) http-nio-8080-exec-4/ErrorHandlerHelper: No pipeline matched request: images/local/full/Help01
	at <map:mount> - file:///Users/ahankins/Documents/code/devel/diamm/sitemap/xmod/sitemap.xmap:215:77
	at <map:mount> - file:///Users/ahankins/Documents/code/devel/diamm/config.xmap:33:75
	at <map:mount> - file:///Users/ahankins/Documents/code/devel/diamm/sitemap.xmap:610:59
ERROR (2015-08-09) 11:39.42:522 [sitemap.handled-errors] (/diamm/images/local/full/Help03) http-nio-8080-exec-5/ErrorHandlerHelper: No pipeline matched request: images/local/full/Help03
	at <map:mount> - file:///Users/ahankins/Documents/code/devel/diamm/sitemap/xmod/sitemap.xmap:215:77
	at <map:mount> - file:///Users/ahankins/Documents/code/devel/diamm/config.xmap:33:75
	at <map:mount> - file:///Users/ahankins/Documents/code/devel/diamm/sitemap.xmap:610:59
INFO  (2015-08-09) 11:39.42:524 [sitemap] (/diamm/images/local/full/Help04) http-nio-8080-exec-3/HandleErrorsNode: Processing handle-errors at <map:handle-errors> - file:///Users/ahankins/Documents/code/devel/diamm/sitemap.xmap:629:26
INFO  (2015-08-09) 11:39.42:524 [sitemap] (/diamm/images/local/full/Help01) http-nio-8080-exec-4/HandleErrorsNode: Processing handle-errors at <map:handle-errors> - file:///Users/ahankins/Documents/code/devel/diamm/sitemap.xmap:629:26
INFO  (2015-08-09) 11:39.42:525 [sitemap] (/diamm/images/local/full/Help03) http-nio-8080-exec-5/HandleErrorsNode: Processing handle-errors at <map:handle-errors> - file:///Users/ahankins/Documents/code/devel/diamm/sitemap.xmap:629:26
INFO  (2015-08-09) 11:39.42:530 [access] (/diamm/images/local/full/Help01) http-nio-8080-exec-4/CocoonServlet: 'images/local/full/Help01' Processed by Apache Cocoon 2.1.11 in 8 milliseconds.
INFO  (2015-08-09) 11:39.42:531 [access] (/diamm/images/local/full/Help03) http-nio-8080-exec-5/CocoonServlet: 'images/local/full/Help03' Processed by Apache Cocoon 2.1.11 in 9 milliseconds.
INFO  (2015-08-09) 11:39.42:534 [access] (/diamm/images/local/full/Help04) http-nio-8080-exec-3/CocoonServlet: 'images/local/full/Help04' Processed by Apache Cocoon 2.1.11 in 12 milliseconds.
ERROR (2015-08-09) 11:39.42:541 [sitemap.handled-errors] (/diamm/images/local/full/Help05) http-nio-8080-exec-7/ErrorHandlerHelper: No pipeline matched request: images/local/full/Help05
	at <map:mount> - file:///Users/ahankins/Documents/code/devel/diamm/sitemap/xmod/sitemap.xmap:215:77
	at <map:mount> - file:///Users/ahankins/Documents/code/devel/diamm/config.xmap:33:75
	at <map:mount> - file:///Users/ahankins/Documents/code/devel/diamm/sitemap.xmap:610:59
INFO  (2015-08-09) 11:39.42:543 [sitemap] (/diamm/images/local/full/Help05) http-nio-8080-exec-7/HandleErrorsNode: Processing handle-errors at <map:handle-errors> - file:///Users/ahankins/Documents/code/devel/diamm/sitemap.xmap:629:26
INFO  (2015-08-09) 11:39.42:549 [access] (/diamm/images/local/full/Help05) http-nio-8080-exec-7/CocoonServlet: 'images/local/full/Help05' Processed by Apache Cocoon 2.1.11 in 10 milliseconds.
INFO  (2015-08-09) 11:39.44:315 [access] (/diamm/_xmod/menu?filedir=jsp&filename=facetmanager) http-nio-8080-exec-10/CocoonServlet: '_xmod/menu' Processed by Apache Cocoon 2.1.11 in 1 milliseconds.
INFO  (2015-08-09) 11:39.44:643 [access] (/diamm/_a/s/search.js) http-nio-8080-exec-1/CocoonServlet: '_a/s/search.js' Processed by Apache Cocoon 2.1.11 in 2 milliseconds.
INFO  (2015-08-09) 11:39.44:703 [access] (/diamm/_a/i/autocomplete.png) http-nio-8080-exec-6/CocoonServlet: '_a/i/autocomplete.png' Processed by Apache Cocoon 2.1.11 in 1 milliseconds.
ERROR (2015-08-09) 11:39.46:898 [sitemap.handled-errors] (/diamm/bibliography) http-nio-8080-exec-9/ErrorHandlerHelper: No pipeline matched request: bibliography
	at <map:mount> - file:///Users/ahankins/Documents/code/devel/diamm/sitemap/xmod/sitemap.xmap:215:77
	at <map:mount> - file:///Users/ahankins/Documents/code/devel/diamm/config.xmap:33:75
	at <map:mount> - file:///Users/ahankins/Documents/code/devel/diamm/sitemap.xmap:610:59
INFO  (2015-08-09) 11:39.46:900 [sitemap] (/diamm/bibliography) http-nio-8080-exec-9/HandleErrorsNode: Processing handle-errors at <map:handle-errors> - file:///Users/ahankins/Documents/code/devel/diamm/sitemap.xmap:629:26
INFO  (2015-08-09) 11:39.46:906 [access] (/diamm/bibliography) http-nio-8080-exec-9/CocoonServlet: 'bibliography' Processed by Apache Cocoon 2.1.11 in 9 milliseconds.
ERROR (2015-08-09) 11:39.46:980 [sitemap.handled-errors] (/diamm/diamm/styles/main.css) http-nio-8080-exec-8/ErrorHandlerHelper: No pipeline matched request: diamm/styles/main.css
	at <map:mount> - file:///Users/ahankins/Documents/code/devel/diamm/sitemap/xmod/sitemap.xmap:215:77
	at <map:mount> - file:///Users/ahankins/Documents/code/devel/diamm/config.xmap:33:75
	at <map:mount> - file:///Users/ahankins/Documents/code/devel/diamm/sitemap.xmap:610:59
ERROR (2015-08-09) 11:39.46:980 [sitemap.handled-errors] (/diamm/diamm/scripts/main.js) http-nio-8080-exec-4/ErrorHandlerHelper: No pipeline matched request: diamm/scripts/main.js
	at <map:mount> - file:///Users/ahankins/Documents/code/devel/diamm/sitemap/xmod/sitemap.xmap:215:77
	at <map:mount> - file:///Users/ahankins/Documents/code/devel/diamm/config.xmap:33:75
	at <map:mount> - file:///Users/ahankins/Documents/code/devel/diamm/sitemap.xmap:610:59
INFO  (2015-08-09) 11:39.46:981 [sitemap] (/diamm/diamm/scripts/main.js) http-nio-8080-exec-4/HandleErrorsNode: Processing handle-errors at <map:handle-errors> - file:///Users/ahankins/Documents/code/devel/diamm/sitemap.xmap:629:26
INFO  (2015-08-09) 11:39.46:981 [sitemap] (/diamm/diamm/styles/main.css) http-nio-8080-exec-8/HandleErrorsNode: Processing handle-errors at <map:handle-errors> - file:///Users/ahankins/Documents/code/devel/diamm/sitemap.xmap:629:26
INFO  (2015-08-09) 11:39.46:987 [access] (/diamm/diamm/styles/main.css) http-nio-8080-exec-8/CocoonServlet: 'diamm/styles/main.css' Processed by Apache Cocoon 2.1.11 in 8 milliseconds.
INFO  (2015-08-09) 11:39.46:987 [access] (/diamm/diamm/scripts/main.js) http-nio-8080-exec-4/CocoonServlet: 'diamm/scripts/main.js' Processed by Apache Cocoon 2.1.11 in 8 milliseconds.
ERROR (2015-08-09) 11:39.49:739 [sitemap.handled-errors] (/diamm/bibliography) http-nio-8080-exec-5/ErrorHandlerHelper: No pipeline matched request: bibliography
	at <map:mount> - file:///Users/ahankins/Documents/code/devel/diamm/sitemap/xmod/sitemap.xmap:215:77
	at <map:mount> - file:///Users/ahankins/Documents/code/devel/diamm/config.xmap:33:75
	at <map:mount> - file:///Users/ahankins/Documents/code/devel/diamm/sitemap.xmap:610:59
INFO  (2015-08-09) 11:39.49:741 [sitemap] (/diamm/bibliography) http-nio-8080-exec-5/HandleErrorsNode: Processing handle-errors at <map:handle-errors> - file:///Users/ahankins/Documents/code/devel/diamm/sitemap.xmap:629:26
INFO  (2015-08-09) 11:39.49:748 [access] (/diamm/bibliography) http-nio-8080-exec-5/CocoonServlet: 'bibliography' Processed by Apache Cocoon 2.1.11 in 10 milliseconds.
ERROR (2015-08-09) 11:39.49:812 [sitemap.handled-errors] (/diamm/diamm/styles/main.css) http-nio-8080-exec-3/ErrorHandlerHelper: No pipeline matched request: diamm/styles/main.css
	at <map:mount> - file:///Users/ahankins/Documents/code/devel/diamm/sitemap/xmod/sitemap.xmap:215:77
	at <map:mount> - file:///Users/ahankins/Documents/code/devel/diamm/config.xmap:33:75
	at <map:mount> - file:///Users/ahankins/Documents/code/devel/diamm/sitemap.xmap:610:59
INFO  (2015-08-09) 11:39.49:814 [sitemap] (/diamm/diamm/styles/main.css) http-nio-8080-exec-3/HandleErrorsNode: Processing handle-errors at <map:handle-errors> - file:///Users/ahankins/Documents/code/devel/diamm/sitemap.xmap:629:26
ERROR (2015-08-09) 11:39.49:816 [sitemap.handled-errors] (/diamm/diamm/scripts/main.js) http-nio-8080-exec-7/ErrorHandlerHelper: No pipeline matched request: diamm/scripts/main.js
	at <map:mount> - file:///Users/ahankins/Documents/code/devel/diamm/sitemap/xmod/sitemap.xmap:215:77
	at <map:mount> - file:///Users/ahankins/Documents/code/devel/diamm/config.xmap:33:75
	at <map:mount> - file:///Users/ahankins/Documents/code/devel/diamm/sitemap.xmap:610:59
INFO  (2015-08-09) 11:39.49:817 [sitemap] (/diamm/diamm/scripts/main.js) http-nio-8080-exec-7/HandleErrorsNode: Processing handle-errors at <map:handle-errors> - file:///Users/ahankins/Documents/code/devel/diamm/sitemap.xmap:629:26
INFO  (2015-08-09) 11:39.49:820 [access] (/diamm/diamm/styles/main.css) http-nio-8080-exec-3/CocoonServlet: 'diamm/styles/main.css' Processed by Apache Cocoon 2.1.11 in 8 milliseconds.
INFO  (2015-08-09) 11:39.49:822 [access] (/diamm/diamm/scripts/main.js) http-nio-8080-exec-7/CocoonServlet: 'diamm/scripts/main.js' Processed by Apache Cocoon 2.1.11 in 7 milliseconds.
INFO  (2015-08-09) 11:39.49:905 [access] (/diamm/favicon.ico) http-nio-8080-exec-10/CocoonServlet: 'favicon.ico' Processed by Apache Cocoon 2.1.11 in 1 milliseconds.
ERROR (2015-08-09) 11:40.01:881 [sitemap.handled-errors] (/diamm/advanced-search/) http-nio-8080-exec-1/ErrorHandlerHelper: Resource not found.
	at <map:serialize type="xhtml"> - file:///Users/ahankins/Documents/code/devel/diamm/sitemap/xmod/../../main.xmap:222:39
	at <map:transform> - file:///Users/ahankins/Documents/code/devel/diamm/sitemap/xmod/../../main.xmap:217:60
	at <map:mount> - file:///Users/ahankins/Documents/code/devel/diamm/sitemap/xmod/sitemap.xmap:215:77
	at <map:mount> - file:///Users/ahankins/Documents/code/devel/diamm/config.xmap:33:75
	at <map:mount> - file:///Users/ahankins/Documents/code/devel/diamm/sitemap.xmap:610:59
INFO  (2015-08-09) 11:40.01:881 [sitemap] (/diamm/advanced-search/) http-nio-8080-exec-1/HandleErrorsNode: Processing handle-errors at <map:handle-errors> - file:///Users/ahankins/Documents/code/devel/diamm/sitemap.xmap:629:26
INFO  (2015-08-09) 11:40.01:886 [access] (/diamm/advanced-search/) http-nio-8080-exec-1/CocoonServlet: 'advanced-search/index.html' Processed by Apache Cocoon 2.1.11 in 16 milliseconds.
ERROR (2015-08-09) 11:40.01:965 [sitemap.handled-errors] (/diamm/diamm/styles/main.css) http-nio-8080-exec-6/ErrorHandlerHelper: No pipeline matched request: diamm/styles/main.css
	at <map:mount> - file:///Users/ahankins/Documents/code/devel/diamm/sitemap/xmod/sitemap.xmap:215:77
	at <map:mount> - file:///Users/ahankins/Documents/code/devel/diamm/config.xmap:33:75
	at <map:mount> - file:///Users/ahankins/Documents/code/devel/diamm/sitemap.xmap:610:59
ERROR (2015-08-09) 11:40.01:965 [sitemap.handled-errors] (/diamm/diamm/scripts/main.js) http-nio-8080-exec-9/ErrorHandlerHelper: No pipeline matched request: diamm/scripts/main.js
	at <map:mount> - file:///Users/ahankins/Documents/code/devel/diamm/sitemap/xmod/sitemap.xmap:215:77
	at <map:mount> - file:///Users/ahankins/Documents/code/devel/diamm/config.xmap:33:75
	at <map:mount> - file:///Users/ahankins/Documents/code/devel/diamm/sitemap.xmap:610:59
INFO  (2015-08-09) 11:40.01:967 [sitemap] (/diamm/diamm/styles/main.css) http-nio-8080-exec-6/HandleErrorsNode: Processing handle-errors at <map:handle-errors> - file:///Users/ahankins/Documents/code/devel/diamm/sitemap.xmap:629:26
INFO  (2015-08-09) 11:40.01:967 [sitemap] (/diamm/diamm/scripts/main.js) http-nio-8080-exec-9/HandleErrorsNode: Processing handle-errors at <map:handle-errors> - file:///Users/ahankins/Documents/code/devel/diamm/sitemap.xmap:629:26
INFO  (2015-08-09) 11:40.01:973 [access] (/diamm/diamm/scripts/main.js) http-nio-8080-exec-9/CocoonServlet: 'diamm/scripts/main.js' Processed by Apache Cocoon 2.1.11 in 8 milliseconds.
INFO  (2015-08-09) 11:40.01:973 [access] (/diamm/diamm/styles/main.css) http-nio-8080-exec-6/CocoonServlet: 'diamm/styles/main.css' Processed by Apache Cocoon 2.1.11 in 8 milliseconds.
ERROR (2015-08-09) 11:40.06:775 [sitemap.handled-errors] (/diamm/advanced-search/) http-nio-8080-exec-8/ErrorHandlerHelper: Resource not found.
	at <map:serialize type="xhtml"> - file:///Users/ahankins/Documents/code/devel/diamm/sitemap/xmod/../../main.xmap:222:39
	at <map:transform> - file:///Users/ahankins/Documents/code/devel/diamm/sitemap/xmod/../../main.xmap:217:60
	at <map:mount> - file:///Users/ahankins/Documents/code/devel/diamm/sitemap/xmod/sitemap.xmap:215:77
	at <map:mount> - file:///Users/ahankins/Documents/code/devel/diamm/config.xmap:33:75
	at <map:mount> - file:///Users/ahankins/Documents/code/devel/diamm/sitemap.xmap:610:59
INFO  (2015-08-09) 11:40.06:776 [sitemap] (/diamm/advanced-search/) http-nio-8080-exec-8/HandleErrorsNode: Processing handle-errors at <map:handle-errors> - file:///Users/ahankins/Documents/code/devel/diamm/sitemap.xmap:629:26
INFO  (2015-08-09) 11:40.06:781 [access] (/diamm/advanced-search/) http-nio-8080-exec-8/CocoonServlet: 'advanced-search/index.html' Processed by Apache Cocoon 2.1.11 in 17 milliseconds.
ERROR (2015-08-09) 11:40.06:881 [sitemap.handled-errors] (/diamm/diamm/styles/main.css) http-nio-8080-exec-4/ErrorHandlerHelper: No pipeline matched request: diamm/styles/main.css
	at <map:mount> - file:///Users/ahankins/Documents/code/devel/diamm/sitemap/xmod/sitemap.xmap:215:77
	at <map:mount> - file:///Users/ahankins/Documents/code/devel/diamm/config.xmap:33:75
	at <map:mount> - file:///Users/ahankins/Documents/code/devel/diamm/sitemap.xmap:610:59
ERROR (2015-08-09) 11:40.06:881 [sitemap.handled-errors] (/diamm/diamm/scripts/main.js) http-nio-8080-exec-5/ErrorHandlerHelper: No pipeline matched request: diamm/scripts/main.js
	at <map:mount> - file:///Users/ahankins/Documents/code/devel/diamm/sitemap/xmod/sitemap.xmap:215:77
	at <map:mount> - file:///Users/ahankins/Documents/code/devel/diamm/config.xmap:33:75
	at <map:mount> - file:///Users/ahankins/Documents/code/devel/diamm/sitemap.xmap:610:59
INFO  (2015-08-09) 11:40.06:883 [sitemap] (/diamm/diamm/styles/main.css) http-nio-8080-exec-4/HandleErrorsNode: Processing handle-errors at <map:handle-errors> - file:///Users/ahankins/Documents/code/devel/diamm/sitemap.xmap:629:26
INFO  (2015-08-09) 11:40.06:883 [sitemap] (/diamm/diamm/scripts/main.js) http-nio-8080-exec-5/HandleErrorsNode: Processing handle-errors at <map:handle-errors> - file:///Users/ahankins/Documents/code/devel/diamm/sitemap.xmap:629:26
INFO  (2015-08-09) 11:40.06:890 [access] (/diamm/diamm/scripts/main.js) http-nio-8080-exec-5/CocoonServlet: 'diamm/scripts/main.js' Processed by Apache Cocoon 2.1.11 in 10 milliseconds.
INFO  (2015-08-09) 11:40.06:890 [access] (/diamm/diamm/styles/main.css) http-nio-8080-exec-4/CocoonServlet: 'diamm/styles/main.css' Processed by Apache Cocoon 2.1.11 in 10 milliseconds.
ERROR (2015-08-09) 11:40.08:322 [sitemap.handled-errors] (/diamm/advanced-search/) http-nio-8080-exec-3/ErrorHandlerHelper: Resource not found.
	at <map:serialize type="xhtml"> - file:///Users/ahankins/Documents/code/devel/diamm/sitemap/xmod/../../main.xmap:222:39
	at <map:transform> - file:///Users/ahankins/Documents/code/devel/diamm/sitemap/xmod/../../main.xmap:217:60
	at <map:mount> - file:///Users/ahankins/Documents/code/devel/diamm/sitemap/xmod/sitemap.xmap:215:77
	at <map:mount> - file:///Users/ahankins/Documents/code/devel/diamm/config.xmap:33:75
	at <map:mount> - file:///Users/ahankins/Documents/code/devel/diamm/sitemap.xmap:610:59
INFO  (2015-08-09) 11:40.08:324 [sitemap] (/diamm/advanced-search/) http-nio-8080-exec-3/HandleErrorsNode: Processing handle-errors at <map:handle-errors> - file:///Users/ahankins/Documents/code/devel/diamm/sitemap.xmap:629:26
INFO  (2015-08-09) 11:40.08:329 [access] (/diamm/advanced-search/) http-nio-8080-exec-3/CocoonServlet: 'advanced-search/index.html' Processed by Apache Cocoon 2.1.11 in 17 milliseconds.
ERROR (2015-08-09) 11:40.08:385 [sitemap.handled-errors] (/diamm/diamm/scripts/main.js) http-nio-8080-exec-10/ErrorHandlerHelper: No pipeline matched request: diamm/scripts/main.js
	at <map:mount> - file:///Users/ahankins/Documents/code/devel/diamm/sitemap/xmod/sitemap.xmap:215:77
	at <map:mount> - file:///Users/ahankins/Documents/code/devel/diamm/config.xmap:33:75
	at <map:mount> - file:///Users/ahankins/Documents/code/devel/diamm/sitemap.xmap:610:59
ERROR (2015-08-09) 11:40.08:386 [sitemap.handled-errors] (/diamm/diamm/styles/main.css) http-nio-8080-exec-7/ErrorHandlerHelper: No pipeline matched request: diamm/styles/main.css
	at <map:mount> - file:///Users/ahankins/Documents/code/devel/diamm/sitemap/xmod/sitemap.xmap:215:77
	at <map:mount> - file:///Users/ahankins/Documents/code/devel/diamm/config.xmap:33:75
	at <map:mount> - file:///Users/ahankins/Documents/code/devel/diamm/sitemap.xmap:610:59
INFO  (2015-08-09) 11:40.08:386 [sitemap] (/diamm/diamm/scripts/main.js) http-nio-8080-exec-10/HandleErrorsNode: Processing handle-errors at <map:handle-errors> - file:///Users/ahankins/Documents/code/devel/diamm/sitemap.xmap:629:26
INFO  (2015-08-09) 11:40.08:387 [sitemap] (/diamm/diamm/styles/main.css) http-nio-8080-exec-7/HandleErrorsNode: Processing handle-errors at <map:handle-errors> - file:///Users/ahankins/Documents/code/devel/diamm/sitemap.xmap:629:26
INFO  (2015-08-09) 11:40.08:393 [access] (/diamm/diamm/styles/main.css) http-nio-8080-exec-7/CocoonServlet: 'diamm/styles/main.css' Processed by Apache Cocoon 2.1.11 in 9 milliseconds.
INFO  (2015-08-09) 11:40.08:398 [access] (/diamm/diamm/scripts/main.js) http-nio-8080-exec-10/CocoonServlet: 'diamm/scripts/main.js' Processed by Apache Cocoon 2.1.11 in 14 milliseconds.
INFO  (2015-08-09) 11:40.08:482 [access] (/diamm/favicon.ico) http-nio-8080-exec-2/CocoonServlet: 'favicon.ico' Processed by Apache Cocoon 2.1.11 in 1 milliseconds.
ERROR (2015-08-09) 11:40.10:553 [sitemap.handled-errors] (/diamm/advanced-search/) http-nio-8080-exec-1/ErrorHandlerHelper: Resource not found.
	at <map:serialize type="xhtml"> - file:///Users/ahankins/Documents/code/devel/diamm/sitemap/xmod/../../main.xmap:222:39
	at <map:transform> - file:///Users/ahankins/Documents/code/devel/diamm/sitemap/xmod/../../main.xmap:217:60
	at <map:mount> - file:///Users/ahankins/Documents/code/devel/diamm/sitemap/xmod/sitemap.xmap:215:77
	at <map:mount> - file:///Users/ahankins/Documents/code/devel/diamm/config.xmap:33:75
	at <map:mount> - file:///Users/ahankins/Documents/code/devel/diamm/sitemap.xmap:610:59
INFO  (2015-08-09) 11:40.10:555 [sitemap] (/diamm/advanced-search/) http-nio-8080-exec-1/HandleErrorsNode: Processing handle-errors at <map:handle-errors> - file:///Users/ahankins/Documents/code/devel/diamm/sitemap.xmap:629:26
INFO  (2015-08-09) 11:40.10:560 [access] (/diamm/advanced-search/) http-nio-8080-exec-1/CocoonServlet: 'advanced-search/index.html' Processed by Apache Cocoon 2.1.11 in 16 milliseconds.
ERROR (2015-08-09) 11:40.10:628 [sitemap.handled-errors] (/diamm/diamm/styles/main.css) http-nio-8080-exec-9/ErrorHandlerHelper: No pipeline matched request: diamm/styles/main.css
	at <map:mount> - file:///Users/ahankins/Documents/code/devel/diamm/sitemap/xmod/sitemap.xmap:215:77
	at <map:mount> - file:///Users/ahankins/Documents/code/devel/diamm/config.xmap:33:75
	at <map:mount> - file:///Users/ahankins/Documents/code/devel/diamm/sitemap.xmap:610:59
ERROR (2015-08-09) 11:40.10:628 [sitemap.handled-errors] (/diamm/diamm/scripts/main.js) http-nio-8080-exec-6/ErrorHandlerHelper: No pipeline matched request: diamm/scripts/main.js
	at <map:mount> - file:///Users/ahankins/Documents/code/devel/diamm/sitemap/xmod/sitemap.xmap:215:77
	at <map:mount> - file:///Users/ahankins/Documents/code/devel/diamm/config.xmap:33:75
	at <map:mount> - file:///Users/ahankins/Documents/code/devel/diamm/sitemap.xmap:610:59
INFO  (2015-08-09) 11:40.10:629 [sitemap] (/diamm/diamm/styles/main.css) http-nio-8080-exec-9/HandleErrorsNode: Processing handle-errors at <map:handle-errors> - file:///Users/ahankins/Documents/code/devel/diamm/sitemap.xmap:629:26
INFO  (2015-08-09) 11:40.10:629 [sitemap] (/diamm/diamm/scripts/main.js) http-nio-8080-exec-6/HandleErrorsNode: Processing handle-errors at <map:handle-errors> - file:///Users/ahankins/Documents/code/devel/diamm/sitemap.xmap:629:26
INFO  (2015-08-09) 11:40.10:635 [access] (/diamm/diamm/scripts/main.js) http-nio-8080-exec-6/CocoonServlet: 'diamm/scripts/main.js' Processed by Apache Cocoon 2.1.11 in 8 milliseconds.
INFO  (2015-08-09) 11:40.10:635 [access] (/diamm/diamm/styles/main.css) http-nio-8080-exec-9/CocoonServlet: 'diamm/styles/main.css' Processed by Apache Cocoon 2.1.11 in 8 milliseconds.
INFO  (2015-08-09) 11:40.10:727 [access] (/diamm/favicon.ico) http-nio-8080-exec-8/CocoonServlet: 'favicon.ico' Processed by Apache Cocoon 2.1.11 in 1 milliseconds.
ERROR (2015-08-09) 11:40.18:688 [sitemap.handled-errors] (/diamm/advanced-search/) http-nio-8080-exec-5/ErrorHandlerHelper: Resource not found.
	at <map:serialize type="xhtml"> - file:///Users/ahankins/Documents/code/devel/diamm/sitemap/xmod/../../main.xmap:222:39
	at <map:transform> - file:///Users/ahankins/Documents/code/devel/diamm/sitemap/xmod/../../main.xmap:217:60
	at <map:mount> - file:///Users/ahankins/Documents/code/devel/diamm/sitemap/xmod/sitemap.xmap:215:77
	at <map:mount> - file:///Users/ahankins/Documents/code/devel/diamm/config.xmap:33:75
	at <map:mount> - file:///Users/ahankins/Documents/code/devel/diamm/sitemap.xmap:610:59
INFO  (2015-08-09) 11:40.18:690 [sitemap] (/diamm/advanced-search/) http-nio-8080-exec-5/HandleErrorsNode: Processing handle-errors at <map:handle-errors> - file:///Users/ahankins/Documents/code/devel/diamm/sitemap.xmap:629:26
INFO  (2015-08-09) 11:40.18:695 [access] (/diamm/advanced-search/) http-nio-8080-exec-5/CocoonServlet: 'advanced-search/index.html' Processed by Apache Cocoon 2.1.11 in 17 milliseconds.
ERROR (2015-08-09) 11:40.18:758 [sitemap.handled-errors] (/diamm/diamm/styles/main.css) http-nio-8080-exec-4/ErrorHandlerHelper: No pipeline matched request: diamm/styles/main.css
	at <map:mount> - file:///Users/ahankins/Documents/code/devel/diamm/sitemap/xmod/sitemap.xmap:215:77
	at <map:mount> - file:///Users/ahankins/Documents/code/devel/diamm/config.xmap:33:75
	at <map:mount> - file:///Users/ahankins/Documents/code/devel/diamm/sitemap.xmap:610:59
ERROR (2015-08-09) 11:40.18:758 [sitemap.handled-errors] (/diamm/diamm/scripts/main.js) http-nio-8080-exec-3/ErrorHandlerHelper: No pipeline matched request: diamm/scripts/main.js
	at <map:mount> - file:///Users/ahankins/Documents/code/devel/diamm/sitemap/xmod/sitemap.xmap:215:77
	at <map:mount> - file:///Users/ahankins/Documents/code/devel/diamm/config.xmap:33:75
	at <map:mount> - file:///Users/ahankins/Documents/code/devel/diamm/sitemap.xmap:610:59
INFO  (2015-08-09) 11:40.18:759 [sitemap] (/diamm/diamm/styles/main.css) http-nio-8080-exec-4/HandleErrorsNode: Processing handle-errors at <map:handle-errors> - file:///Users/ahankins/Documents/code/devel/diamm/sitemap.xmap:629:26
INFO  (2015-08-09) 11:40.18:760 [sitemap] (/diamm/diamm/scripts/main.js) http-nio-8080-exec-3/HandleErrorsNode: Processing handle-errors at <map:handle-errors> - file:///Users/ahankins/Documents/code/devel/diamm/sitemap.xmap:629:26
INFO  (2015-08-09) 11:40.18:764 [access] (/diamm/diamm/styles/main.css) http-nio-8080-exec-4/CocoonServlet: 'diamm/styles/main.css' Processed by Apache Cocoon 2.1.11 in 7 milliseconds.
INFO  (2015-08-09) 11:40.18:765 [access] (/diamm/diamm/scripts/main.js) http-nio-8080-exec-3/CocoonServlet: 'diamm/scripts/main.js' Processed by Apache Cocoon 2.1.11 in 8 milliseconds.
ERROR (2015-08-09) 11:40.23:443 [sitemap.handled-errors] (/diamm/advanced-search) http-nio-8080-exec-7/ErrorHandlerHelper: No pipeline matched request: advanced-search
	at <map:mount> - file:///Users/ahankins/Documents/code/devel/diamm/sitemap/xmod/sitemap.xmap:215:77
	at <map:mount> - file:///Users/ahankins/Documents/code/devel/diamm/config.xmap:33:75
	at <map:mount> - file:///Users/ahankins/Documents/code/devel/diamm/sitemap.xmap:610:59
INFO  (2015-08-09) 11:40.23:445 [sitemap] (/diamm/advanced-search) http-nio-8080-exec-7/HandleErrorsNode: Processing handle-errors at <map:handle-errors> - file:///Users/ahankins/Documents/code/devel/diamm/sitemap.xmap:629:26
INFO  (2015-08-09) 11:40.23:450 [access] (/diamm/advanced-search) http-nio-8080-exec-7/CocoonServlet: 'advanced-search' Processed by Apache Cocoon 2.1.11 in 8 milliseconds.
ERROR (2015-08-09) 11:40.23:483 [sitemap.handled-errors] (/diamm/diamm/styles/main.css) http-nio-8080-exec-10/ErrorHandlerHelper: No pipeline matched request: diamm/styles/main.css
	at <map:mount> - file:///Users/ahankins/Documents/code/devel/diamm/sitemap/xmod/sitemap.xmap:215:77
	at <map:mount> - file:///Users/ahankins/Documents/code/devel/diamm/config.xmap:33:75
	at <map:mount> - file:///Users/ahankins/Documents/code/devel/diamm/sitemap.xmap:610:59
ERROR (2015-08-09) 11:40.23:483 [sitemap.handled-errors] (/diamm/diamm/scripts/main.js) http-nio-8080-exec-2/ErrorHandlerHelper: No pipeline matched request: diamm/scripts/main.js
	at <map:mount> - file:///Users/ahankins/Documents/code/devel/diamm/sitemap/xmod/sitemap.xmap:215:77
	at <map:mount> - file:///Users/ahankins/Documents/code/devel/diamm/config.xmap:33:75
	at <map:mount> - file:///Users/ahankins/Documents/code/devel/diamm/sitemap.xmap:610:59
INFO  (2015-08-09) 11:40.23:484 [sitemap] (/diamm/diamm/styles/main.css) http-nio-8080-exec-10/HandleErrorsNode: Processing handle-errors at <map:handle-errors> - file:///Users/ahankins/Documents/code/devel/diamm/sitemap.xmap:629:26
INFO  (2015-08-09) 11:40.23:485 [sitemap] (/diamm/diamm/scripts/main.js) http-nio-8080-exec-2/HandleErrorsNode: Processing handle-errors at <map:handle-errors> - file:///Users/ahankins/Documents/code/devel/diamm/sitemap.xmap:629:26
INFO  (2015-08-09) 11:40.23:490 [access] (/diamm/diamm/scripts/main.js) http-nio-8080-exec-2/CocoonServlet: 'diamm/scripts/main.js' Processed by Apache Cocoon 2.1.11 in 8 milliseconds.
INFO  (2015-08-09) 11:40.23:490 [access] (/diamm/diamm/styles/main.css) http-nio-8080-exec-10/CocoonServlet: 'diamm/styles/main.css' Processed by Apache Cocoon 2.1.11 in 8 milliseconds.
ERROR (2015-08-09) 11:40.27:693 [sitemap.handled-errors] (/diamm/advanced-search/) http-nio-8080-exec-1/ErrorHandlerHelper: Resource not found.
	at <map:serialize type="xhtml"> - file:///Users/ahankins/Documents/code/devel/diamm/sitemap/xmod/../../main.xmap:222:39
	at <map:transform> - file:///Users/ahankins/Documents/code/devel/diamm/sitemap/xmod/../../main.xmap:217:60
	at <map:mount> - file:///Users/ahankins/Documents/code/devel/diamm/sitemap/xmod/sitemap.xmap:215:77
	at <map:mount> - file:///Users/ahankins/Documents/code/devel/diamm/config.xmap:33:75
	at <map:mount> - file:///Users/ahankins/Documents/code/devel/diamm/sitemap.xmap:610:59
INFO  (2015-08-09) 11:40.27:695 [sitemap] (/diamm/advanced-search/) http-nio-8080-exec-1/HandleErrorsNode: Processing handle-errors at <map:handle-errors> - file:///Users/ahankins/Documents/code/devel/diamm/sitemap.xmap:629:26
INFO  (2015-08-09) 11:40.27:701 [access] (/diamm/advanced-search/) http-nio-8080-exec-1/CocoonServlet: 'advanced-search/index.html' Processed by Apache Cocoon 2.1.11 in 19 milliseconds.
ERROR (2015-08-09) 11:40.27:763 [sitemap.handled-errors] (/diamm/diamm/scripts/main.js) http-nio-8080-exec-9/ErrorHandlerHelper: No pipeline matched request: diamm/scripts/main.js
	at <map:mount> - file:///Users/ahankins/Documents/code/devel/diamm/sitemap/xmod/sitemap.xmap:215:77
	at <map:mount> - file:///Users/ahankins/Documents/code/devel/diamm/config.xmap:33:75
	at <map:mount> - file:///Users/ahankins/Documents/code/devel/diamm/sitemap.xmap:610:59
ERROR (2015-08-09) 11:40.27:763 [sitemap.handled-errors] (/diamm/diamm/styles/main.css) http-nio-8080-exec-6/ErrorHandlerHelper: No pipeline matched request: diamm/styles/main.css
	at <map:mount> - file:///Users/ahankins/Documents/code/devel/diamm/sitemap/xmod/sitemap.xmap:215:77
	at <map:mount> - file:///Users/ahankins/Documents/code/devel/diamm/config.xmap:33:75
	at <map:mount> - file:///Users/ahankins/Documents/code/devel/diamm/sitemap.xmap:610:59
INFO  (2015-08-09) 11:40.27:765 [sitemap] (/diamm/diamm/scripts/main.js) http-nio-8080-exec-9/HandleErrorsNode: Processing handle-errors at <map:handle-errors> - file:///Users/ahankins/Documents/code/devel/diamm/sitemap.xmap:629:26
INFO  (2015-08-09) 11:40.27:765 [sitemap] (/diamm/diamm/styles/main.css) http-nio-8080-exec-6/HandleErrorsNode: Processing handle-errors at <map:handle-errors> - file:///Users/ahankins/Documents/code/devel/diamm/sitemap.xmap:629:26
INFO  (2015-08-09) 11:40.27:772 [access] (/diamm/diamm/scripts/main.js) http-nio-8080-exec-9/CocoonServlet: 'diamm/scripts/main.js' Processed by Apache Cocoon 2.1.11 in 9 milliseconds.
INFO  (2015-08-09) 11:40.27:774 [access] (/diamm/diamm/styles/main.css) http-nio-8080-exec-6/CocoonServlet: 'diamm/styles/main.css' Processed by Apache Cocoon 2.1.11 in 11 milliseconds.
ERROR (2015-08-09) 11:40.35:352 [sitemap.handled-errors] (/diamm/bibliography/) http-nio-8080-exec-8/ErrorHandlerHelper: Resource not found.
	at <map:serialize type="xhtml"> - file:///Users/ahankins/Documents/code/devel/diamm/sitemap/xmod/../../main.xmap:222:39
	at <map:transform> - file:///Users/ahankins/Documents/code/devel/diamm/sitemap/xmod/../../main.xmap:217:60
	at <map:mount> - file:///Users/ahankins/Documents/code/devel/diamm/sitemap/xmod/sitemap.xmap:215:77
	at <map:mount> - file:///Users/ahankins/Documents/code/devel/diamm/config.xmap:33:75
	at <map:mount> - file:///Users/ahankins/Documents/code/devel/diamm/sitemap.xmap:610:59
INFO  (2015-08-09) 11:40.35:354 [sitemap] (/diamm/bibliography/) http-nio-8080-exec-8/HandleErrorsNode: Processing handle-errors at <map:handle-errors> - file:///Users/ahankins/Documents/code/devel/diamm/sitemap.xmap:629:26
INFO  (2015-08-09) 11:40.35:358 [access] (/diamm/bibliography/) http-nio-8080-exec-8/CocoonServlet: 'bibliography/index.html' Processed by Apache Cocoon 2.1.11 in 17 milliseconds.
ERROR (2015-08-09) 11:40.35:422 [sitemap.handled-errors] (/diamm/diamm/styles/main.css) http-nio-8080-exec-5/ErrorHandlerHelper: No pipeline matched request: diamm/styles/main.css
	at <map:mount> - file:///Users/ahankins/Documents/code/devel/diamm/sitemap/xmod/sitemap.xmap:215:77
	at <map:mount> - file:///Users/ahankins/Documents/code/devel/diamm/config.xmap:33:75
	at <map:mount> - file:///Users/ahankins/Documents/code/devel/diamm/sitemap.xmap:610:59
ERROR (2015-08-09) 11:40.35:422 [sitemap.handled-errors] (/diamm/diamm/scripts/main.js) http-nio-8080-exec-4/ErrorHandlerHelper: No pipeline matched request: diamm/scripts/main.js
	at <map:mount> - file:///Users/ahankins/Documents/code/devel/diamm/sitemap/xmod/sitemap.xmap:215:77
	at <map:mount> - file:///Users/ahankins/Documents/code/devel/diamm/config.xmap:33:75
	at <map:mount> - file:///Users/ahankins/Documents/code/devel/diamm/sitemap.xmap:610:59
INFO  (2015-08-09) 11:40.35:423 [sitemap] (/diamm/diamm/styles/main.css) http-nio-8080-exec-5/HandleErrorsNode: Processing handle-errors at <map:handle-errors> - file:///Users/ahankins/Documents/code/devel/diamm/sitemap.xmap:629:26
INFO  (2015-08-09) 11:40.35:423 [sitemap] (/diamm/diamm/scripts/main.js) http-nio-8080-exec-4/HandleErrorsNode: Processing handle-errors at <map:handle-errors> - file:///Users/ahankins/Documents/code/devel/diamm/sitemap.xmap:629:26
INFO  (2015-08-09) 11:40.35:429 [access] (/diamm/diamm/styles/main.css) http-nio-8080-exec-5/CocoonServlet: 'diamm/styles/main.css' Processed by Apache Cocoon 2.1.11 in 8 milliseconds.
INFO  (2015-08-09) 11:40.35:429 [access] (/diamm/diamm/scripts/main.js) http-nio-8080-exec-4/CocoonServlet: 'diamm/scripts/main.js' Processed by Apache Cocoon 2.1.11 in 8 milliseconds.
ERROR (2015-08-09) 11:40.37:406 [sitemap.handled-errors] (/diamm/bibliography/) http-nio-8080-exec-3/ErrorHandlerHelper: Resource not found.
	at <map:serialize type="xhtml"> - file:///Users/ahankins/Documents/code/devel/diamm/sitemap/xmod/../../main.xmap:222:39
	at <map:transform> - file:///Users/ahankins/Documents/code/devel/diamm/sitemap/xmod/../../main.xmap:217:60
	at <map:mount> - file:///Users/ahankins/Documents/code/devel/diamm/sitemap/xmod/sitemap.xmap:215:77
	at <map:mount> - file:///Users/ahankins/Documents/code/devel/diamm/config.xmap:33:75
	at <map:mount> - file:///Users/ahankins/Documents/code/devel/diamm/sitemap.xmap:610:59
INFO  (2015-08-09) 11:40.37:407 [sitemap] (/diamm/bibliography/) http-nio-8080-exec-3/HandleErrorsNode: Processing handle-errors at <map:handle-errors> - file:///Users/ahankins/Documents/code/devel/diamm/sitemap.xmap:629:26
INFO  (2015-08-09) 11:40.37:411 [access] (/diamm/bibliography/) http-nio-8080-exec-3/CocoonServlet: 'bibliography/index.html' Processed by Apache Cocoon 2.1.11 in 18 milliseconds.
ERROR (2015-08-09) 11:40.37:466 [sitemap.handled-errors] (/diamm/diamm/scripts/main.js) http-nio-8080-exec-2/ErrorHandlerHelper: No pipeline matched request: diamm/scripts/main.js
	at <map:mount> - file:///Users/ahankins/Documents/code/devel/diamm/sitemap/xmod/sitemap.xmap:215:77
	at <map:mount> - file:///Users/ahankins/Documents/code/devel/diamm/config.xmap:33:75
	at <map:mount> - file:///Users/ahankins/Documents/code/devel/diamm/sitemap.xmap:610:59
ERROR (2015-08-09) 11:40.37:466 [sitemap.handled-errors] (/diamm/diamm/styles/main.css) http-nio-8080-exec-7/ErrorHandlerHelper: No pipeline matched request: diamm/styles/main.css
	at <map:mount> - file:///Users/ahankins/Documents/code/devel/diamm/sitemap/xmod/sitemap.xmap:215:77
	at <map:mount> - file:///Users/ahankins/Documents/code/devel/diamm/config.xmap:33:75
	at <map:mount> - file:///Users/ahankins/Documents/code/devel/diamm/sitemap.xmap:610:59
INFO  (2015-08-09) 11:40.37:468 [sitemap] (/diamm/diamm/scripts/main.js) http-nio-8080-exec-2/HandleErrorsNode: Processing handle-errors at <map:handle-errors> - file:///Users/ahankins/Documents/code/devel/diamm/sitemap.xmap:629:26
INFO  (2015-08-09) 11:40.37:468 [sitemap] (/diamm/diamm/styles/main.css) http-nio-8080-exec-7/HandleErrorsNode: Processing handle-errors at <map:handle-errors> - file:///Users/ahankins/Documents/code/devel/diamm/sitemap.xmap:629:26
INFO  (2015-08-09) 11:40.37:473 [access] (/diamm/diamm/scripts/main.js) http-nio-8080-exec-2/CocoonServlet: 'diamm/scripts/main.js' Processed by Apache Cocoon 2.1.11 in 8 milliseconds.
INFO  (2015-08-09) 11:40.37:475 [access] (/diamm/diamm/styles/main.css) http-nio-8080-exec-7/CocoonServlet: 'diamm/styles/main.css' Processed by Apache Cocoon 2.1.11 in 10 milliseconds.
WARN  (2015-08-10) 21:52.45:481 [sitemap] (Unknown-URI) Unknown-Thread/ExcaliburComponentManager: disposing of handler for unreleased component. role [org.apache.cocoon.selection.SelectorSelector]
INFO  (2015-08-10) 21:52.45:510 [core.store] (Unknown-URI) Unknown-Thread/EHDefaultStore: EHCache cache "cocoon-ehcache-1" already disposed.
WARN  (2015-08-10) 21:52.45:512 [core.manager] (Unknown-URI) Unknown-Thread/ExcaliburComponentManager: disposing of handler for unreleased component. role [org.apache.cocoon.components.thread.RunnableManager]
WARN  (2015-08-10) 21:52.45:520 [core.manager] (Unknown-URI) Unknown-Thread/ExcaliburComponentManager: disposing of handler for unreleased component. role [org.apache.excalibur.store.StoreJanitor]
WARN  (2015-08-10) 21:52.45:521 [core.manager] (Unknown-URI) Unknown-Thread/ExcaliburComponentManager: disposing of handler for unreleased component. role [org.apache.excalibur.store.Store/TransientStore]
WARN  (2015-08-10) 21:52.45:521 [core.manager] (Unknown-URI) Unknown-Thread/ExcaliburComponentManager: disposing of handler for unreleased component. role [org.apache.cocoon.forms.event.WidgetListenerBuilderSelector]
WARN  (2015-08-10) 21:52.45:521 [core.manager] (Unknown-URI) Unknown-Thread/ExcaliburComponentManager: disposing of handler for unreleased component. role [org.apache.avalon.excalibur.logger.LoggerManager]
WARN  (2015-08-10) 21:52.45:521 [core.manager] (Unknown-URI) Unknown-Thread/ExcaliburComponentManager: disposing of handler for unreleased component. role [org.apache.cocoon.forms.CacheManager]
